Arguments: 
  /Users/steph/.nvm/versions/node/v16.19.1/bin/node /Users/steph/.nvm/versions/node/v16.19.1/bin/yarn add @excid3/uppy-activestorage-upload

PATH: 
  /Users/steph/.rbenv/shims:/opt/homebrew/opt/ssh-copy-id/bin:/opt/homebrew/bin:./bin:./node_modules/.bin:/Users/steph/.nvm/versions/node/v16.19.1/bin:/Users/steph/.rbenv/shims:/Users/steph/.rbenv/bin:/Library/Frameworks/Python.framework/Versions/3.11/bin:/Users/steph/.pyenv/bin:/usr/local/bin:/usr/bin:/bin:/usr/sbin:/sbin:/applications/rar:/Library/Apple/usr/bin:/Users/steph/.rbenv/shims:/opt/homebrew/opt/ssh-copy-id/bin:/opt/homebrew/bin:./bin:./node_modules/.bin:/Users/steph/.nvm/versions/node/v16.19.1/bin:/Users/steph/.rbenv/bin:/Library/Frameworks/Python.framework/Versions/3.11/bin:/Users/steph/.pyenv/bin:/Users/steph/Library/Android/sdk/emulator:/Users/steph/Library/Android/sdk/platform-tools:/usr/local/sbin:/Users/steph/.rvm/bin:/Users/steph/Library/Android/sdk/emulator:/Users/steph/Library/Android/sdk/platform-tools:/usr/local/sbin:/Users/steph/.rvm/bin

Yarn version: 
  1.22.19

Node version: 
  16.19.1

Platform: 
  darwin arm64

Trace: 
  Error: https://registry.npmjs.org/@excid3%2fuppy-activestorage-upload: Not found
      at Request.params.callback [as _callback] (/Users/steph/.nvm/versions/node/v16.19.1/lib/node_modules/yarn/lib/cli.js:66145:18)
      at Request.self.callback (/Users/steph/.nvm/versions/node/v16.19.1/lib/node_modules/yarn/lib/cli.js:140890:22)
      at Request.emit (node:events:513:28)
      at Request.<anonymous> (/Users/steph/.nvm/versions/node/v16.19.1/lib/node_modules/yarn/lib/cli.js:141862:10)
      at Request.emit (node:events:513:28)
      at IncomingMessage.<anonymous> (/Users/steph/.nvm/versions/node/v16.19.1/lib/node_modules/yarn/lib/cli.js:141784:12)
      at Object.onceWrapper (node:events:627:28)
      at IncomingMessage.emit (node:events:525:35)
      at endReadableNT (node:internal/streams/readable:1358:12)
      at processTicksAndRejections (node:internal/process/task_queues:83:21)

npm manifest: 
  {
    "name": "app",
    "private": "true",
    "dependencies": {
      "@hotwired/stimulus": "^3.2.2",
      "@hotwired/turbo-rails": "^7.3.0",
      "@popperjs/core": "^2.11.8",
      "@uppy/core": "^3.5.1",
      "@uppy/dashboard": "^3.5.4",
      "@uppy/form": "^3.0.2",
      "@uppy/image-editor": "^2.2.1",
      "@uppy/xhr-upload": "^3.4.1",
      "autoprefixer": "^10.4.16",
      "bootstrap": "^5.3.2",
      "bootstrap-icons": "^1.11.1",
      "cropperjs": "^1.6.1",
      "esbuild": "^0.19.4",
      "nodemon": "^3.0.1",
      "postcss": "^8.4.31",
      "postcss-cli": "^10.1.0",
      "sass": "^1.69.0",
      "tui-image-editor": "^3.15.3"
    },
    "scripts": {
      "build": "esbuild app/javascript/*.* --bundle --sourcemap --outdir=app/assets/builds --public-path=/assets",
      "build:css:compile": "sass ./app/assets/stylesheets/application.bootstrap.scss:./app/assets/builds/application.css --no-source-map --load-path=node_modules",
      "build:css:prefix": "postcss ./app/assets/builds/application.css --use=autoprefixer --output=./app/assets/builds/application.css",
      "build:css": "yarn build:css:compile && yarn build:css:prefix",
      "watch:css": "nodemon --watch ./app/assets/stylesheets/ --ext scss --exec \"yarn build:css\""
    },
    "browserslist": [
      "defaults"
    ]
  }

yarn manifest: 
  No manifest

Lockfile: 
  # THIS IS AN AUTOGENERATED FILE. DO NOT EDIT THIS FILE DIRECTLY.
  # yarn lockfile v1
  
  
  "@esbuild/darwin-arm64@0.19.4":
    "integrity" "sha512-Lviw8EzxsVQKpbS+rSt6/6zjn9ashUZ7Tbuvc2YENgRl0yZTktGlachZ9KMJUsVjZEGFVu336kl5lBgDN6PmpA=="
    "resolved" "https://registry.npmjs.org/@esbuild/darwin-arm64/-/darwin-arm64-0.19.4.tgz"
    "version" "0.19.4"
  
  "@hotwired/stimulus@^3.2.2":
    "integrity" "sha512-eGeIqNOQpXoPAIP7tC1+1Yc1yl1xnwYqg+3mzqxyrbE5pg5YFBZcA6YoTiByJB6DKAEsiWtl6tjTJS4IYtbB7A=="
    "resolved" "https://registry.npmjs.org/@hotwired/stimulus/-/stimulus-3.2.2.tgz"
    "version" "3.2.2"
  
  "@hotwired/turbo-rails@^7.3.0":
    "integrity" "sha512-fvhO64vp/a2UVQ3jue9WTc2JisMv9XilIC7ViZmXAREVwiQ2S4UC7Go8f9A1j4Xu7DBI6SbFdqILk5ImqVoqyA=="
    "resolved" "https://registry.npmjs.org/@hotwired/turbo-rails/-/turbo-rails-7.3.0.tgz"
    "version" "7.3.0"
    dependencies:
      "@hotwired/turbo" "^7.3.0"
      "@rails/actioncable" "^7.0"
  
  "@hotwired/turbo@^7.3.0":
    "integrity" "sha512-Dcu+NaSvHLT7EjrDrkEmH4qET2ZJZ5IcCWmNXxNQTBwlnE5tBZfN6WxZ842n5cHV52DH/AKNirbPBtcEXDLW4g=="
    "resolved" "https://registry.npmjs.org/@hotwired/turbo/-/turbo-7.3.0.tgz"
    "version" "7.3.0"
  
  "@mapbox/node-pre-gyp@^1.0.0":
    "integrity" "sha512-Yhlar6v9WQgUp/He7BdgzOz8lqMQ8sU+jkCq7Wx8Myc5YFJLbEe7lgui/V7G1qB1DJykHSGwreceSaD60Y0PUQ=="
    "resolved" "https://registry.npmjs.org/@mapbox/node-pre-gyp/-/node-pre-gyp-1.0.11.tgz"
    "version" "1.0.11"
    dependencies:
      "detect-libc" "^2.0.0"
      "https-proxy-agent" "^5.0.0"
      "make-dir" "^3.1.0"
      "node-fetch" "^2.6.7"
      "nopt" "^5.0.0"
      "npmlog" "^5.0.1"
      "rimraf" "^3.0.2"
      "semver" "^7.3.5"
      "tar" "^6.1.11"
  
  "@nodelib/fs.scandir@2.1.5":
    "integrity" "sha512-vq24Bq3ym5HEQm2NKCr3yXDwjc7vTsEThRDnkp2DK9p1uqLR+DHurm/NOTo0KG7HYHU7eppKZj3MyqYuMBf62g=="
    "resolved" "https://registry.npmjs.org/@nodelib/fs.scandir/-/fs.scandir-2.1.5.tgz"
    "version" "2.1.5"
    dependencies:
      "@nodelib/fs.stat" "2.0.5"
      "run-parallel" "^1.1.9"
  
  "@nodelib/fs.stat@^2.0.2", "@nodelib/fs.stat@2.0.5":
    "integrity" "sha512-RkhPPp2zrqDAQA/2jNhnztcPAlv64XdhIp7a7454A5ovI7Bukxgt7MX7udwAu3zg1DcpPU0rz3VV1SeaqvY4+A=="
    "resolved" "https://registry.npmjs.org/@nodelib/fs.stat/-/fs.stat-2.0.5.tgz"
    "version" "2.0.5"
  
  "@nodelib/fs.walk@^1.2.3":
    "integrity" "sha512-oGB+UxlgWcgQkgwo8GcEGwemoTFt3FIO9ababBmaGwXIoBKZ+GTy0pP185beGg7Llih/NSHSV2XAs1lnznocSg=="
    "resolved" "https://registry.npmjs.org/@nodelib/fs.walk/-/fs.walk-1.2.8.tgz"
    "version" "1.2.8"
    dependencies:
      "@nodelib/fs.scandir" "2.1.5"
      "fastq" "^1.6.0"
  
  "@popperjs/core@^2.11.8":
    "integrity" "sha512-P1st0aksCrn9sGZhp8GMYwBnQsbvAWsZAX44oXNNvLHGqAOcoVxmjZiohstwQ7SqKnbR47akdNi+uleWD8+g6A=="
    "resolved" "https://registry.npmjs.org/@popperjs/core/-/core-2.11.8.tgz"
    "version" "2.11.8"
  
  "@rails/actioncable@^7.0":
    "integrity" "sha512-MBGzAQHOk+sXblpCQsM0MPxQDzvTLFwaFu8jqYbfWDejpZPszo9xaAOF/3+iv7ab1o6PFiTpdbh+PR4osofIWw=="
    "resolved" "https://registry.npmjs.org/@rails/actioncable/-/actioncable-7.1.0.tgz"
    "version" "7.1.0"
  
  "@transloadit/prettier-bytes@0.0.7":
    "integrity" "sha512-VeJbUb0wEKbcwaSlj5n+LscBl9IPgLPkHVGBkh00cztv6X4L/TJXK58LzFuBKX7/GAfiGhIwH67YTLTlzvIzBA=="
    "resolved" "https://registry.npmjs.org/@transloadit/prettier-bytes/-/prettier-bytes-0.0.7.tgz"
    "version" "0.0.7"
  
  "@transloadit/prettier-bytes@0.0.9":
    "integrity" "sha512-pCvdmea/F3Tn4hAtHqNXmjcixSaroJJ+L3STXlYJdir1g1m2mRQpWbN8a4SvgQtaw2930Ckhdx8qXdXBFMKbAA=="
    "resolved" "https://registry.npmjs.org/@transloadit/prettier-bytes/-/prettier-bytes-0.0.9.tgz"
    "version" "0.0.9"
  
  "@uppy/companion-client@^3.4.1":
    "integrity" "sha512-aUCJuZR+u+yWdfNblu08WVZ6thkLQdf9MTo0orNsj4xzc0PZVtX7gbjjvgmv71iA3Losy5ltOXhg/+dYOosBtA=="
    "resolved" "https://registry.npmjs.org/@uppy/companion-client/-/companion-client-3.4.1.tgz"
    "version" "3.4.1"
    dependencies:
      "@uppy/utils" "^5.5.1"
      "namespace-emitter" "^2.0.1"
  
  "@uppy/core@^3.2.0", "@uppy/core@^3.4.0", "@uppy/core@^3.5.1":
    "integrity" "sha512-iaHn2JG6HgwQMxRAwzEeqRoJGElnUerAh/coDF30Ha92lAPe8xkjFIqIHjaCtEMJqjQAm1msZX4v5Vi7M9hzsw=="
    "resolved" "https://registry.npmjs.org/@uppy/core/-/core-3.5.1.tgz"
    "version" "3.5.1"
    dependencies:
      "@transloadit/prettier-bytes" "0.0.9"
      "@uppy/store-default" "^3.0.4"
      "@uppy/utils" "^5.5.1"
      "lodash" "^4.17.21"
      "mime-match" "^1.0.2"
      "namespace-emitter" "^2.0.1"
      "nanoid" "^4.0.0"
      "preact" "^10.5.13"
  
  "@uppy/dashboard@^3.5.4":
    "integrity" "sha512-4QL4BLcnUIUqtZGhkQ4hy+Q4KpMcYW2sb8ejqmOJa6oCWJN3PmE+QkW18bwfAxU5EdMKaLiYNUwff/R4oDTmCQ=="
    "resolved" "https://registry.npmjs.org/@uppy/dashboard/-/dashboard-3.5.4.tgz"
    "version" "3.5.4"
    dependencies:
      "@transloadit/prettier-bytes" "0.0.7"
      "@uppy/informer" "^3.0.3"
      "@uppy/provider-views" "^3.5.0"
      "@uppy/status-bar" "^3.2.4"
      "@uppy/thumbnail-generator" "^3.0.5"
      "@uppy/utils" "^5.5.1"
      "classnames" "^2.2.6"
      "is-shallow-equal" "^1.0.1"
      "lodash" "^4.17.21"
      "memoize-one" "^6.0.0"
      "nanoid" "^4.0.0"
      "preact" "^10.5.13"
  
  "@uppy/form@^3.0.2":
    "integrity" "sha512-o1wQy23Yh8q8oh+ZHxwx6RAJFWcoRL9p42l6W1X+9y9MyduXYyHPIRvib6QOp9MHJiqITDpAQQyoHPHSkdYi8Q=="
    "resolved" "https://registry.npmjs.org/@uppy/form/-/form-3.0.2.tgz"
    "version" "3.0.2"
    dependencies:
      "@uppy/utils" "^5.3.0"
      "get-form-data" "^3.0.0"
  
  "@uppy/image-editor@^2.2.1":
    "integrity" "sha512-0PK8fvBuYih6O+iTARsSMilcM23S7MVa3Z8ezd7ZeYK1dJLCWUoS57/t1Tb9go6IIRToymV/cJGojxKZHCHKJw=="
    "resolved" "https://registry.npmjs.org/@uppy/image-editor/-/image-editor-2.2.1.tgz"
    "version" "2.2.1"
    dependencies:
      "@uppy/utils" "^5.5.1"
      "cropperjs" "1.5.7"
      "preact" "^10.5.13"
  
  "@uppy/informer@^3.0.3":
    "integrity" "sha512-jMMlZ0bCJ2ruJJ0LMl7pJrM/b0e9vjVEHvYYdQghnRSRDSMONcTJXEqNZ0Lu4x7OZR1SGvqqchFk7n3vAsuERw=="
    "resolved" "https://registry.npmjs.org/@uppy/informer/-/informer-3.0.3.tgz"
    "version" "3.0.3"
    dependencies:
      "@uppy/utils" "^5.4.3"
      "preact" "^10.5.13"
  
  "@uppy/provider-views@^3.5.0":
    "integrity" "sha512-xSp5xQ6NsPLS2XJdsdBQCLgQELEd0BvVM2R34/XFyGTSqeA4NJKHfM6kSKwjW/jkj26CyFN5nth6CGeNaaKQ+w=="
    "resolved" "https://registry.npmjs.org/@uppy/provider-views/-/provider-views-3.5.0.tgz"
    "version" "3.5.0"
    dependencies:
      "@uppy/utils" "^5.4.3"
      "classnames" "^2.2.6"
      "nanoid" "^4.0.0"
      "p-queue" "^7.3.4"
      "preact" "^10.5.13"
  
  "@uppy/status-bar@^3.2.4":
    "integrity" "sha512-WuK0LRmz7H7iBDV0VO+iUNoXmhbyeCEAWzslX0nqhkGuMchIQprVwd80ZegACySajqcpV1RDNxdhmgtCbRn8wA=="
    "resolved" "https://registry.npmjs.org/@uppy/status-bar/-/status-bar-3.2.4.tgz"
    "version" "3.2.4"
    dependencies:
      "@transloadit/prettier-bytes" "0.0.9"
      "@uppy/utils" "^5.4.3"
      "classnames" "^2.2.6"
      "preact" "^10.5.13"
  
  "@uppy/store-default@^3.0.4":
    "integrity" "sha512-DOqDZBfz2TMBdpzVdk6ehVCgj2bQ7p66CcVtAm31XL39nCvHI4Miy9IjnqRi2Okmou7JoPH52WX9A2dNZrAYZA=="
    "resolved" "https://registry.npmjs.org/@uppy/store-default/-/store-default-3.0.4.tgz"
    "version" "3.0.4"
  
  "@uppy/thumbnail-generator@^3.0.5":
    "integrity" "sha512-XHt5/S7719PSVGi8nCB5SeJlE++1649WcpNtTn5jmxsEQExRMt1Z6JkwfbMB9W61U7qrbajUgpFq//0ln3hZ9g=="
    "resolved" "https://registry.npmjs.org/@uppy/thumbnail-generator/-/thumbnail-generator-3.0.5.tgz"
    "version" "3.0.5"
    dependencies:
      "@uppy/utils" "^5.5.1"
      "exifr" "^7.0.0"
  
  "@uppy/utils@^5.3.0", "@uppy/utils@^5.4.3", "@uppy/utils@^5.5.1":
    "integrity" "sha512-iGLYSp9DHH54TXIoTxcArjPFEPNyWxSyMxXso9qRi3eY4wB8+Vflj/BGj4nm3sGzE+NSuat48nDa55vboYCn3g=="
    "resolved" "https://registry.npmjs.org/@uppy/utils/-/utils-5.5.1.tgz"
    "version" "5.5.1"
    dependencies:
      "lodash" "^4.17.21"
      "preact" "^10.5.13"
  
  "@uppy/xhr-upload@^3.4.1":
    "integrity" "sha512-vmAkvwxAfHyX4I03y68GZfNvZT54s5/GZpQSa169367jFEmS7ODR9TVdSzRKhZ9m7oGQr39AYUZns5o0Ko4RkQ=="
    "resolved" "https://registry.npmjs.org/@uppy/xhr-upload/-/xhr-upload-3.4.1.tgz"
    "version" "3.4.1"
    dependencies:
      "@uppy/companion-client" "^3.4.1"
      "@uppy/utils" "^5.5.1"
      "nanoid" "^4.0.0"
  
  "abab@^2.0.0":
    "integrity" "sha512-j2afSsaIENvHZN2B8GOpF566vZ5WVk5opAiMTvWgaQT8DkbOqsTfvNAvHoRGU2zzP8cPoqys+xHTRDWW8L+/BA=="
    "resolved" "https://registry.npmjs.org/abab/-/abab-2.0.6.tgz"
    "version" "2.0.6"
  
  "abbrev@1":
    "integrity" "sha512-nne9/IiQ/hzIhY6pdDnbBtz7DjPTKrY00P/zvPSm5pOFkl6xuGrGnXn/VtTNNfNtAfZ9/1RtehkszU9qcTii0Q=="
    "resolved" "https://registry.npmjs.org/abbrev/-/abbrev-1.1.1.tgz"
    "version" "1.1.1"
  
  "acorn-globals@^4.3.2":
    "integrity" "sha512-clfQEh21R+D0leSbUdWf3OcfqyaCSAQ8Ryq00bofSekfr9W8u1jyYZo6ir0xu9Gtcf7BjcHJpnbZH7JOCpP60A=="
    "resolved" "https://registry.npmjs.org/acorn-globals/-/acorn-globals-4.3.4.tgz"
    "version" "4.3.4"
    dependencies:
      "acorn" "^6.0.1"
      "acorn-walk" "^6.0.1"
  
  "acorn-walk@^6.0.1":
    "integrity" "sha512-7evsyfH1cLOCdAzZAd43Cic04yKydNx0cF+7tiA19p1XnLLPU4dpCQOqpjqwokFe//vS0QqfqqjCS2JkiIs0cA=="
    "resolved" "https://registry.npmjs.org/acorn-walk/-/acorn-walk-6.2.0.tgz"
    "version" "6.2.0"
  
  "acorn@^6.0.1":
    "integrity" "sha512-XtGIhXwF8YM8bJhGxG5kXgjkEuNGLTkoYqVE+KMR+aspr4KGYmKYg7yUe3KghyQ9yheNwLnjmzh/7+gfDBmHCQ=="
    "resolved" "https://registry.npmjs.org/acorn/-/acorn-6.4.2.tgz"
    "version" "6.4.2"
  
  "acorn@^7.1.0":
    "integrity" "sha512-nQyp0o1/mNdbTO1PO6kHkwSrmgZ0MT/jCCpNiwbUjGoRN4dlBhqJtoQuCnEOKzgTVwg0ZWiCoQy6SxMebQVh8A=="
    "resolved" "https://registry.npmjs.org/acorn/-/acorn-7.4.1.tgz"
    "version" "7.4.1"
  
  "agent-base@6":
    "integrity" "sha512-RZNwNclF7+MS/8bDg70amg32dyeZGZxiDuQmZxKLAlQjr3jGyLx+4Kkk58UO7D2QdgFIQCovuSuZESne6RG6XQ=="
    "resolved" "https://registry.npmjs.org/agent-base/-/agent-base-6.0.2.tgz"
    "version" "6.0.2"
    dependencies:
      "debug" "4"
  
  "ajv@^6.12.3":
    "integrity" "sha512-j3fVLgvTo527anyYyJOGTYJbG+vnnQYvE0m5mmkc1TK+nxAppkCLMIL0aZ4dblVCNoGShhm+kzE4ZUykBoMg4g=="
    "resolved" "https://registry.npmjs.org/ajv/-/ajv-6.12.6.tgz"
    "version" "6.12.6"
    dependencies:
      "fast-deep-equal" "^3.1.1"
      "fast-json-stable-stringify" "^2.0.0"
      "json-schema-traverse" "^0.4.1"
      "uri-js" "^4.2.2"
  
  "ansi-regex@^5.0.1":
    "integrity" "sha512-quJQXlTSUGL2LH9SUXo8VwsY4soanhgo6LNSm84E1LBcE8s3O0wpdiRzyR9z/ZZJMlMWv37qOOb9pdJlMUEKFQ=="
    "resolved" "https://registry.npmjs.org/ansi-regex/-/ansi-regex-5.0.1.tgz"
    "version" "5.0.1"
  
  "ansi-styles@^4.0.0":
    "integrity" "sha512-zbB9rCJAT1rbjiVDb2hqKFHNYLxgtk8NURxZ3IZwD3F6NtxbXZQCnnSi1Lkx+IDohdPlFp222wVALIheZJQSEg=="
    "resolved" "https://registry.npmjs.org/ansi-styles/-/ansi-styles-4.3.0.tgz"
    "version" "4.3.0"
    dependencies:
      "color-convert" "^2.0.1"
  
  "anymatch@~3.1.2":
    "integrity" "sha512-KMReFUr0B4t+D+OBkjR3KYqvocp2XaSzO55UcB6mgQMd3KbcE+mWTyvVV7D/zsdEbNnV6acZUutkiHQXvTr1Rw=="
    "resolved" "https://registry.npmjs.org/anymatch/-/anymatch-3.1.3.tgz"
    "version" "3.1.3"
    dependencies:
      "normalize-path" "^3.0.0"
      "picomatch" "^2.0.4"
  
  "aproba@^1.0.3 || ^2.0.0":
    "integrity" "sha512-lYe4Gx7QT+MKGbDsA+Z+he/Wtef0BiwDOlK/XkBrdfsh9J/jPPXbX0tE9x9cl27Tmu5gg3QUbUrQYa/y+KOHPQ=="
    "resolved" "https://registry.npmjs.org/aproba/-/aproba-2.0.0.tgz"
    "version" "2.0.0"
  
  "are-we-there-yet@^2.0.0":
    "integrity" "sha512-Ci/qENmwHnsYo9xKIcUJN5LeDKdJ6R1Z1j9V/J5wyq8nh/mYPEpIKJbBZXtZjG04HiK7zV/p6Vs9952MrMeUIw=="
    "resolved" "https://registry.npmjs.org/are-we-there-yet/-/are-we-there-yet-2.0.0.tgz"
    "version" "2.0.0"
    dependencies:
      "delegates" "^1.0.0"
      "readable-stream" "^3.6.0"
  
  "array-equal@^1.0.0":
    "integrity" "sha512-H3LU5RLiSsGXPhN+Nipar0iR0IofH+8r89G2y1tBKxQ/agagKyAjhkAFDRBfodP2caPrNKHpAWNIM/c9yeL7uA=="
    "resolved" "https://registry.npmjs.org/array-equal/-/array-equal-1.0.0.tgz"
    "version" "1.0.0"
  
  "asn1@~0.2.3":
    "integrity" "sha512-ix/FxPn0MDjeyJ7i/yoHGFt/EX6LyNbxSEhPPXODPL+KB0VPk86UYfL0lMdy+KCnv+fmvIzySwaK5COwqVbWTQ=="
    "resolved" "https://registry.npmjs.org/asn1/-/asn1-0.2.6.tgz"
    "version" "0.2.6"
    dependencies:
      "safer-buffer" "~2.1.0"
  
  "assert-plus@^1.0.0", "assert-plus@1.0.0":
    "integrity" "sha512-NfJ4UzBCcQGLDlQq7nHxH+tv3kyZ0hHQqF5BO6J7tNJeP5do1llPr8dZ8zHonfhAu0PHAdMkSo+8o0wxg9lZWw=="
    "resolved" "https://registry.npmjs.org/assert-plus/-/assert-plus-1.0.0.tgz"
    "version" "1.0.0"
  
  "asynckit@^0.4.0":
    "integrity" "sha512-Oei9OH4tRh0YqU3GxhX79dM/mwVgvbZJaSNaRk+bshkj0S5cfHcgYakreBjrHwatXKbz+IoIdYLxrKim2MjW0Q=="
    "resolved" "https://registry.npmjs.org/asynckit/-/asynckit-0.4.0.tgz"
    "version" "0.4.0"
  
  "autoprefixer@^10.4.16":
    "integrity" "sha512-7vd3UC6xKp0HLfua5IjZlcXvGAGy7cBAXTg2lyQ/8WpNhd6SiZ8Be+xm3FyBSYJx5GKcpRCzBh7RH4/0dnY+uQ=="
    "resolved" "https://registry.npmjs.org/autoprefixer/-/autoprefixer-10.4.16.tgz"
    "version" "10.4.16"
    dependencies:
      "browserslist" "^4.21.10"
      "caniuse-lite" "^1.0.30001538"
      "fraction.js" "^4.3.6"
      "normalize-range" "^0.1.2"
      "picocolors" "^1.0.0"
      "postcss-value-parser" "^4.2.0"
  
  "aws-sign2@~0.7.0":
    "integrity" "sha512-08kcGqnYf/YmjoRhfxyu+CLxBjUtHLXLXX/vUfx9l2LYzG3c1m61nrpyFUZI6zeS+Li/wWMMidD9KgrqtGq3mA=="
    "resolved" "https://registry.npmjs.org/aws-sign2/-/aws-sign2-0.7.0.tgz"
    "version" "0.7.0"
  
  "aws4@^1.8.0":
    "integrity" "sha512-NmWvPnx0F1SfrQbYwOi7OeaNGokp9XhzNioJ/CSBs8Qa4vxug81mhJEAVZwxXuBmYB5KDRfMq/F3RR0BIU7sWg=="
    "resolved" "https://registry.npmjs.org/aws4/-/aws4-1.12.0.tgz"
    "version" "1.12.0"
  
  "balanced-match@^1.0.0":
    "integrity" "sha512-3oSeUO0TMV67hN1AmbXsK4yaqU7tjiHlbxRDZOpH0KW9+CeX4bRAaX0Anxt0tx2MrpRpWwQaPwIlISEJhYU5Pw=="
    "resolved" "https://registry.npmjs.org/balanced-match/-/balanced-match-1.0.2.tgz"
    "version" "1.0.2"
  
  "bcrypt-pbkdf@^1.0.0":
    "integrity" "sha512-qeFIXtP4MSoi6NLqO12WfqARWWuCKi2Rn/9hJLEmtB5yTNr9DqFWkJRCf2qShWzPeAMRnOgCrq0sg/KLv5ES9w=="
    "resolved" "https://registry.npmjs.org/bcrypt-pbkdf/-/bcrypt-pbkdf-1.0.2.tgz"
    "version" "1.0.2"
    dependencies:
      "tweetnacl" "^0.14.3"
  
  "binary-extensions@^2.0.0":
    "integrity" "sha512-jDctJ/IVQbZoJykoeHbhXpOlNBqGNcwXJKJog42E5HDPUwQTSdjCHdihjj0DlnheQ7blbT6dHOafNAiS8ooQKA=="
    "resolved" "https://registry.npmjs.org/binary-extensions/-/binary-extensions-2.2.0.tgz"
    "version" "2.2.0"
  
  "bootstrap-icons@^1.11.1":
    "integrity" "sha512-F0DDp7nKUX+x/QtpfRZ+XHFya60ng9nfdpdS59vDDfs4Uhuxp7zym/QavMsu/xx51txkoM9eVmpE7D08N35blw=="
    "resolved" "https://registry.npmjs.org/bootstrap-icons/-/bootstrap-icons-1.11.1.tgz"
    "version" "1.11.1"
  
  "bootstrap@^5.3.2":
    "integrity" "sha512-D32nmNWiQHo94BKHLmOrdjlL05q1c8oxbtBphQFb9Z5to6eGRDCm0QgeaZ4zFBHzfg2++rqa2JkqCcxDy0sH0g=="
    "resolved" "https://registry.npmjs.org/bootstrap/-/bootstrap-5.3.2.tgz"
    "version" "5.3.2"
  
  "brace-expansion@^1.1.7":
    "integrity" "sha512-iCuPHDFgrHX7H2vEI/5xpz07zSHB00TpugqhmYtVmMO6518mCuRMoOYFldEBl0g187ufozdaHgWKcYFb61qGiA=="
    "resolved" "https://registry.npmjs.org/brace-expansion/-/brace-expansion-1.1.11.tgz"
    "version" "1.1.11"
    dependencies:
      "balanced-match" "^1.0.0"
      "concat-map" "0.0.1"
  
  "braces@^3.0.2", "braces@~3.0.2":
    "integrity" "sha512-b8um+L1RzM3WDSzvhm6gIz1yfTbBt6YTlcEKAvsmqCZZFw46z626lVj9j1yEPW33H5H+lBQpZMP1k8l+78Ha0A=="
    "resolved" "https://registry.npmjs.org/braces/-/braces-3.0.2.tgz"
    "version" "3.0.2"
    dependencies:
      "fill-range" "^7.0.1"
  
  "browser-process-hrtime@^1.0.0":
    "integrity" "sha512-9o5UecI3GhkpM6DrXr69PblIuWxPKk9Y0jHBRhdocZ2y7YECBFCsHm79Pr3OyR2AvjhDkabFJaDJMYRazHgsow=="
    "resolved" "https://registry.npmjs.org/browser-process-hrtime/-/browser-process-hrtime-1.0.0.tgz"
    "version" "1.0.0"
  
  "browserslist@^4.21.10", "browserslist@>= 4.21.0":
    "integrity" "sha512-FEVc202+2iuClEhZhrWy6ZiAcRLvNMyYcxZ8raemul1DYVOVdFsbqckWLdsixQZCpJlwe77Z3UTalE7jsjnKfQ=="
    "resolved" "https://registry.npmjs.org/browserslist/-/browserslist-4.22.1.tgz"
    "version" "4.22.1"
    dependencies:
      "caniuse-lite" "^1.0.30001541"
      "electron-to-chromium" "^1.4.535"
      "node-releases" "^2.0.13"
      "update-browserslist-db" "^1.0.13"
  
  "caniuse-lite@^1.0.30001538", "caniuse-lite@^1.0.30001541":
    "integrity" "sha512-zvtSJwuQFpewSyRrI3AsftF6rM0X80mZkChIt1spBGEvRglCrjTniXvinc8JKRoqTwXAgvqTImaN9igfSMtUBw=="
    "resolved" "https://registry.npmjs.org/caniuse-lite/-/caniuse-lite-1.0.30001546.tgz"
    "version" "1.0.30001546"
  
  "canvas@^2.5.0", "canvas@^2.6.1":
    "integrity" "sha512-ItanGBMrmRV7Py2Z+Xhs7cT+FNt5K0vPL4p9EZ/UX/Mu7hFbkxSjKF2KVtPwX7UYWp7dRKnrTvReflgrItJbdw=="
    "resolved" "https://registry.npmjs.org/canvas/-/canvas-2.11.2.tgz"
    "version" "2.11.2"
    dependencies:
      "@mapbox/node-pre-gyp" "^1.0.0"
      "nan" "^2.17.0"
      "simple-get" "^3.0.3"
  
  "caseless@~0.12.0":
    "integrity" "sha512-4tYFyifaFfGacoiObjJegolkwSU4xQNGbVgUiNYVUxbQ2x2lUsFvY4hVgVzGiIe6WLOPqycWXA40l+PWsxthUw=="
    "resolved" "https://registry.npmjs.org/caseless/-/caseless-0.12.0.tgz"
    "version" "0.12.0"
  
  "chokidar@^3.3.0", "chokidar@^3.5.2", "chokidar@>=3.0.0 <4.0.0":
    "integrity" "sha512-Dr3sfKRP6oTcjf2JmUmFJfeVMvXBdegxB0iVQ5eb2V10uFJUCAS8OByZdVAyVb8xXNz3GjjTgj9kLWsZTqE6kw=="
    "resolved" "https://registry.npmjs.org/chokidar/-/chokidar-3.5.3.tgz"
    "version" "3.5.3"
    dependencies:
      "anymatch" "~3.1.2"
      "braces" "~3.0.2"
      "glob-parent" "~5.1.2"
      "is-binary-path" "~2.1.0"
      "is-glob" "~4.0.1"
      "normalize-path" "~3.0.0"
      "readdirp" "~3.6.0"
    optionalDependencies:
      "fsevents" "~2.3.2"
  
  "chownr@^2.0.0":
    "integrity" "sha512-bIomtDF5KGpdogkLd9VspvFzk9KfpyyGlS8YFVZl7TGPBHL5snIOnxeshwVgPteQ9b4Eydl+pVbIyE1DcvCWgQ=="
    "resolved" "https://registry.npmjs.org/chownr/-/chownr-2.0.0.tgz"
    "version" "2.0.0"
  
  "classnames@^2.2.6":
    "integrity" "sha512-CSbhY4cFEJRe6/GQzIk5qXZ4Jeg5pcsP7b5peFSDpffpe1cqjASH/n9UTjBwOp6XpMSTwQ8Za2K5V02ueA7Tmw=="
    "resolved" "https://registry.npmjs.org/classnames/-/classnames-2.3.2.tgz"
    "version" "2.3.2"
  
  "cliui@^8.0.1":
    "integrity" "sha512-BSeNnyus75C4//NQ9gQt1/csTXyo/8Sb+afLAkzAptFuMsod9HFokGNudZpi/oQV73hnVK+sR+5PVRMd+Dr7YQ=="
    "resolved" "https://registry.npmjs.org/cliui/-/cliui-8.0.1.tgz"
    "version" "8.0.1"
    dependencies:
      "string-width" "^4.2.0"
      "strip-ansi" "^6.0.1"
      "wrap-ansi" "^7.0.0"
  
  "color-convert@^2.0.1":
    "integrity" "sha512-RRECPsj7iu/xb5oKYcsFHSppFNnsj/52OVTRKb4zP5onXwVF3zVmmToNcOfGC+CRDpfK/U584fMg38ZHCaElKQ=="
    "resolved" "https://registry.npmjs.org/color-convert/-/color-convert-2.0.1.tgz"
    "version" "2.0.1"
    dependencies:
      "color-name" "~1.1.4"
  
  "color-name@~1.1.4":
    "integrity" "sha512-dOy+3AuW3a2wNbZHIuMZpTcgjGuLU/uBL/ubcZF9OXbDo8ff4O8yVp5Bf0efS8uEoYo5q4Fx7dY9OgQGXgAsQA=="
    "resolved" "https://registry.npmjs.org/color-name/-/color-name-1.1.4.tgz"
    "version" "1.1.4"
  
  "color-support@^1.1.2":
    "integrity" "sha512-qiBjkpbMLO/HL68y+lh4q0/O1MZFj2RX6X/KmMa3+gJD3z+WwI1ZzDHysvqHGS3mP6mznPckpXmw1nI9cJjyRg=="
    "resolved" "https://registry.npmjs.org/color-support/-/color-support-1.1.3.tgz"
    "version" "1.1.3"
  
  "combined-stream@^1.0.6", "combined-stream@~1.0.6":
    "integrity" "sha512-FQN4MRfuJeHf7cBbBMJFXhKSDq+2kAArBlmRBvcvFE5BB1HZKXtSFASDhdlz9zOYwxh8lDdnvmMOe/+5cdoEdg=="
    "resolved" "https://registry.npmjs.org/combined-stream/-/combined-stream-1.0.8.tgz"
    "version" "1.0.8"
    dependencies:
      "delayed-stream" "~1.0.0"
  
  "concat-map@0.0.1":
    "integrity" "sha512-/Srv4dswyQNBfohGpz9o6Yb3Gz3SrUDqBH5rTuhGR7ahtlbYKnVxw2bCFMRljaA7EXHaXZ8wsHdodFvbkhKmqg=="
    "resolved" "https://registry.npmjs.org/concat-map/-/concat-map-0.0.1.tgz"
    "version" "0.0.1"
  
  "console-control-strings@^1.0.0", "console-control-strings@^1.1.0":
    "integrity" "sha512-ty/fTekppD2fIwRvnZAVdeOiGd1c7YXEixbgJTNzqcxJWKQnjJ/V1bNEEE6hygpM3WjwHFUVK6HTjWSzV4a8sQ=="
    "resolved" "https://registry.npmjs.org/console-control-strings/-/console-control-strings-1.1.0.tgz"
    "version" "1.1.0"
  
  "core-util-is@1.0.2":
    "integrity" "sha512-3lqz5YjWTYnW6dlDa5TLaTCcShfar1e40rmcJVwCBJC6mWlFuj0eCHIElmG1g5kyuJ/GD+8Wn4FFCcz4gJPfaQ=="
    "resolved" "https://registry.npmjs.org/core-util-is/-/core-util-is-1.0.2.tgz"
    "version" "1.0.2"
  
  "cropperjs@^1.6.1":
    "integrity" "sha512-F4wsi+XkDHCOMrHMYjrTEE4QBOrsHHN5/2VsVAaRq8P7E5z7xQpT75S+f/9WikmBEailas3+yo+6zPIomW+NOA=="
    "resolved" "https://registry.npmjs.org/cropperjs/-/cropperjs-1.6.1.tgz"
    "version" "1.6.1"
  
  "cropperjs@1.5.7":
    "integrity" "sha512-sGj+G/ofKh+f6A4BtXLJwtcKJgMUsXYVUubfTo9grERiDGXncttefmue/fyQFvn8wfdyoD1KhDRYLfjkJFl0yw=="
    "resolved" "https://registry.npmjs.org/cropperjs/-/cropperjs-1.5.7.tgz"
    "version" "1.5.7"
  
  "cssom@^0.4.1":
    "integrity" "sha512-p3pvU7r1MyyqbTk+WbNJIgJjG2VmTIaB10rI93LzVPrmDJKkzKYMtxxyAvQXR/NS6otuzveI7+7BBq3SjBS2mw=="
    "resolved" "https://registry.npmjs.org/cssom/-/cssom-0.4.4.tgz"
    "version" "0.4.4"
  
  "cssom@~0.3.6":
    "integrity" "sha512-b0tGHbfegbhPJpxpiBPU2sCkigAqtM9O121le6bbOlgyV+NyGyCmVfJ6QW9eRjz8CpNfWEOYBIMIGRYkLwsIYg=="
    "resolved" "https://registry.npmjs.org/cssom/-/cssom-0.3.8.tgz"
    "version" "0.3.8"
  
  "cssstyle@^2.0.0":
    "integrity" "sha512-AZL67abkUzIuvcHqk7c09cezpGNcxUxU4Ioi/05xHk4DQeTkWmGYftIE6ctU6AEt+Gn4n1lDStOtj7FKycP71A=="
    "resolved" "https://registry.npmjs.org/cssstyle/-/cssstyle-2.3.0.tgz"
    "version" "2.3.0"
    dependencies:
      "cssom" "~0.3.6"
  
  "dashdash@^1.12.0":
    "integrity" "sha512-jRFi8UDGo6j+odZiEpjazZaWqEal3w/basFjQHQEwVtZJGDpxbH1MeYluwCS8Xq5wmLJooDlMgvVarmWfGM44g=="
    "resolved" "https://registry.npmjs.org/dashdash/-/dashdash-1.14.1.tgz"
    "version" "1.14.1"
    dependencies:
      "assert-plus" "^1.0.0"
  
  "data-urls@^1.1.0":
    "integrity" "sha512-YTWYI9se1P55u58gL5GkQHW4P6VJBJ5iBT+B5a7i2Tjadhv52paJG0qHX4A0OR6/t52odI64KP2YvFpkDOi3eQ=="
    "resolved" "https://registry.npmjs.org/data-urls/-/data-urls-1.1.0.tgz"
    "version" "1.1.0"
    dependencies:
      "abab" "^2.0.0"
      "whatwg-mimetype" "^2.2.0"
      "whatwg-url" "^7.0.0"
  
  "debug@^3.2.7":
    "integrity" "sha512-CFjzYYAi4ThfiQvizrFQevTTXHtnCqWfe7x1AhgEscTz6ZbLbfoLRLPugTQyBth6f8ZERVUSyWHFD/7Wu4t1XQ=="
    "resolved" "https://registry.npmjs.org/debug/-/debug-3.2.7.tgz"
    "version" "3.2.7"
    dependencies:
      "ms" "^2.1.1"
  
  "debug@4":
    "integrity" "sha512-PRWFHuSU3eDtQJPvnNY7Jcket1j0t5OuOsFzPPzsekD52Zl8qUfFIPEiswXqIvHWGVHOgX+7G/vCNNhehwxfkQ=="
    "resolved" "https://registry.npmjs.org/debug/-/debug-4.3.4.tgz"
    "version" "4.3.4"
    dependencies:
      "ms" "2.1.2"
  
  "decompress-response@^4.2.0":
    "integrity" "sha512-jOSne2qbyE+/r8G1VU+G/82LBs2Fs4LAsTiLSHOCOMZQl2OKZ6i8i4IyHemTe+/yIXOtTcRQMzPcgyhoFlqPkw=="
    "resolved" "https://registry.npmjs.org/decompress-response/-/decompress-response-4.2.1.tgz"
    "version" "4.2.1"
    dependencies:
      "mimic-response" "^2.0.0"
  
  "deep-is@~0.1.3":
    "integrity" "sha512-oIPzksmTg4/MriiaYGO+okXDT7ztn/w3Eptv/+gSIdMdKsJo0u4CfYNFJPy+4SKMuCqGw2wxnA+URMg3t8a/bQ=="
    "resolved" "https://registry.npmjs.org/deep-is/-/deep-is-0.1.4.tgz"
    "version" "0.1.4"
  
  "delayed-stream@~1.0.0":
    "integrity" "sha512-ZySD7Nf91aLB0RxL4KGrKHBXl7Eds1DAmEdcoVawXnLD7SDhpNgtuII2aAkg7a7QS41jxPSZ17p4VdGnMHk3MQ=="
    "resolved" "https://registry.npmjs.org/delayed-stream/-/delayed-stream-1.0.0.tgz"
    "version" "1.0.0"
  
  "delegates@^1.0.0":
    "integrity" "sha512-bd2L678uiWATM6m5Z1VzNCErI3jiGzt6HGY8OVICs40JQq/HALfbyNJmp0UDakEY4pMMaN0Ly5om/B1VI/+xfQ=="
    "resolved" "https://registry.npmjs.org/delegates/-/delegates-1.0.0.tgz"
    "version" "1.0.0"
  
  "dependency-graph@^0.11.0":
    "integrity" "sha512-JeMq7fEshyepOWDfcfHK06N3MhyPhz++vtqWhMT5O9A3K42rdsEDpfdVqjaqaAhsw6a+ZqeDvQVtD0hFHQWrzg=="
    "resolved" "https://registry.npmjs.org/dependency-graph/-/dependency-graph-0.11.0.tgz"
    "version" "0.11.0"
  
  "detect-libc@^2.0.0":
    "integrity" "sha512-UX6sGumvvqSaXgdKGUsgZWqcUyIXZ/vZTrlRT/iobiKhGL0zL4d3osHj3uqllWJK+i+sixDS/3COVEOFbupFyw=="
    "resolved" "https://registry.npmjs.org/detect-libc/-/detect-libc-2.0.2.tgz"
    "version" "2.0.2"
  
  "dir-glob@^3.0.1":
    "integrity" "sha512-WkrWp9GR4KXfKGYzOLmTuGVi1UWFfws377n9cc55/tb6DuqyF6pcQ5AbiHEshaDpY9v6oaSr2XCDidGmMwdzIA=="
    "resolved" "https://registry.npmjs.org/dir-glob/-/dir-glob-3.0.1.tgz"
    "version" "3.0.1"
    dependencies:
      "path-type" "^4.0.0"
  
  "domexception@^1.0.1":
    "integrity" "sha512-raigMkn7CJNNo6Ihro1fzG7wr3fHuYVytzquZKX5n0yizGsTcYgzdIUwj1X9pK0VvjeihV+XiclP+DjwbsSKug=="
    "resolved" "https://registry.npmjs.org/domexception/-/domexception-1.0.1.tgz"
    "version" "1.0.1"
    dependencies:
      "webidl-conversions" "^4.0.2"
  
  "ecc-jsbn@~0.1.1":
    "integrity" "sha512-eh9O+hwRHNbG4BLTjEl3nw044CkGm5X6LoaCf7LPp7UU8Qrt47JYNi6nPX8xjW97TKGKm1ouctg0QSpZe9qrnw=="
    "resolved" "https://registry.npmjs.org/ecc-jsbn/-/ecc-jsbn-0.1.2.tgz"
    "version" "0.1.2"
    dependencies:
      "jsbn" "~0.1.0"
      "safer-buffer" "^2.1.0"
  
  "electron-to-chromium@^1.4.535":
    "integrity" "sha512-t2ZP4AcGE0iKCCQCBx/K2426crYdxD3YU6l0uK2EO3FZH0pbC4pFz/sZm2ruZsND6hQBTcDWWlo/MLpiOdif5g=="
    "resolved" "https://registry.npmjs.org/electron-to-chromium/-/electron-to-chromium-1.4.543.tgz"
    "version" "1.4.543"
  
  "emoji-regex@^8.0.0":
    "integrity" "sha512-MSjYzcWNOA0ewAHpz0MxpYFvwg6yjy1NG3xteoqz644VCo/RPgnr1/GGt+ic3iJTzQ8Eu3TdM14SawnVUmGE6A=="
    "resolved" "https://registry.npmjs.org/emoji-regex/-/emoji-regex-8.0.0.tgz"
    "version" "8.0.0"
  
  "esbuild@^0.19.4":
    "integrity" "sha512-x7jL0tbRRpv4QUyuDMjONtWFciygUxWaUM1kMX2zWxI0X2YWOt7MSA0g4UdeSiHM8fcYVzpQhKYOycZwxTdZkA=="
    "resolved" "https://registry.npmjs.org/esbuild/-/esbuild-0.19.4.tgz"
    "version" "0.19.4"
    optionalDependencies:
      "@esbuild/android-arm" "0.19.4"
      "@esbuild/android-arm64" "0.19.4"
      "@esbuild/android-x64" "0.19.4"
      "@esbuild/darwin-arm64" "0.19.4"
      "@esbuild/darwin-x64" "0.19.4"
      "@esbuild/freebsd-arm64" "0.19.4"
      "@esbuild/freebsd-x64" "0.19.4"
      "@esbuild/linux-arm" "0.19.4"
      "@esbuild/linux-arm64" "0.19.4"
      "@esbuild/linux-ia32" "0.19.4"
      "@esbuild/linux-loong64" "0.19.4"
      "@esbuild/linux-mips64el" "0.19.4"
      "@esbuild/linux-ppc64" "0.19.4"
      "@esbuild/linux-riscv64" "0.19.4"
      "@esbuild/linux-s390x" "0.19.4"
      "@esbuild/linux-x64" "0.19.4"
      "@esbuild/netbsd-x64" "0.19.4"
      "@esbuild/openbsd-x64" "0.19.4"
      "@esbuild/sunos-x64" "0.19.4"
      "@esbuild/win32-arm64" "0.19.4"
      "@esbuild/win32-ia32" "0.19.4"
      "@esbuild/win32-x64" "0.19.4"
  
  "escalade@^3.1.1":
    "integrity" "sha512-k0er2gUkLf8O0zKJiAhmkTnJlTvINGv7ygDNPbeIsX/TJjGJZHuh9B2UxbsaEkmlEo9MfhrSzmhIlhRlI2GXnw=="
    "resolved" "https://registry.npmjs.org/escalade/-/escalade-3.1.1.tgz"
    "version" "3.1.1"
  
  "escodegen@^1.11.1":
    "integrity" "sha512-qFcX0XJkdg+PB3xjZZG/wKSuT1PnQWx57+TVSjIMmILd2yC/6ByYElPwJnslDsuWuSAp4AwJGumarAAmJch5Kw=="
    "resolved" "https://registry.npmjs.org/escodegen/-/escodegen-1.14.3.tgz"
    "version" "1.14.3"
    dependencies:
      "esprima" "^4.0.1"
      "estraverse" "^4.2.0"
      "esutils" "^2.0.2"
      "optionator" "^0.8.1"
    optionalDependencies:
      "source-map" "~0.6.1"
  
  "esprima@^4.0.1":
    "integrity" "sha512-eGuFFw7Upda+g4p+QHvnW0RyTX/SVeJBDM/gCtMARO0cLuT2HcEKnTPvhjV6aGeqrCB/sbNop0Kszm0jsaWU4A=="
    "resolved" "https://registry.npmjs.org/esprima/-/esprima-4.0.1.tgz"
    "version" "4.0.1"
  
  "estraverse@^4.2.0":
    "integrity" "sha512-39nnKffWz8xN1BU/2c79n9nB9HDzo0niYUqx6xyqUnyoAnQyyWpOTdZEeiCch8BBu515t4wp9ZmgVfVhn9EBpw=="
    "resolved" "https://registry.npmjs.org/estraverse/-/estraverse-4.3.0.tgz"
    "version" "4.3.0"
  
  "esutils@^2.0.2":
    "integrity" "sha512-kVscqXk4OCp68SZ0dkgEKVi6/8ij300KBWTJq32P/dYeWTSwK41WyTxalN1eRmA5Z9UU/LX9D7FWSmV9SAYx6g=="
    "resolved" "https://registry.npmjs.org/esutils/-/esutils-2.0.3.tgz"
    "version" "2.0.3"
  
  "eventemitter3@^5.0.1":
    "integrity" "sha512-GWkBvjiSZK87ELrYOSESUYeVIc9mvLLf/nXalMOS5dYrgZq9o5OVkbZAVM06CVxYsCwH9BDZFPlQTlPA1j4ahA=="
    "resolved" "https://registry.npmjs.org/eventemitter3/-/eventemitter3-5.0.1.tgz"
    "version" "5.0.1"
  
  "exifr@^7.0.0":
    "integrity" "sha512-g/aje2noHivrRSLbAUtBPWFbxKdKhgj/xr1vATDdUXPOFYJlQ62Ft0oy+72V6XLIpDJfHs6gXLbBLAolqOXYRw=="
    "resolved" "https://registry.npmjs.org/exifr/-/exifr-7.1.3.tgz"
    "version" "7.1.3"
  
  "extend@~3.0.2":
    "integrity" "sha512-fjquC59cD7CyW6urNXK0FBufkZcoiGG80wTuPujX590cB5Ttln20E2UB4S/WARVqhXffZl2LNgS+gQdPIIim/g=="
    "resolved" "https://registry.npmjs.org/extend/-/extend-3.0.2.tgz"
    "version" "3.0.2"
  
  "extsprintf@^1.2.0", "extsprintf@1.3.0":
    "integrity" "sha512-11Ndz7Nv+mvAC1j0ktTa7fAb0vLyGGX+rMHNBYQviQDGU0Hw7lhctJANqbPhu9nV9/izT/IntTgZ7Im/9LJs9g=="
    "resolved" "https://registry.npmjs.org/extsprintf/-/extsprintf-1.3.0.tgz"
    "version" "1.3.0"
  
  "fabric@^4.2.0":
    "integrity" "sha512-MhJXCD/ZugOGV5aPHIG0MY1q2EfrlzC2sasrAHj0HHXN50JTe1bHFrlRdkXBijCJ0dG81fGu/A/Pct9DyuwCzQ=="
    "resolved" "https://registry.npmjs.org/fabric/-/fabric-4.6.0.tgz"
    "version" "4.6.0"
    optionalDependencies:
      "canvas" "^2.6.1"
      "jsdom" "^15.2.1"
  
  "fast-deep-equal@^3.1.1":
    "integrity" "sha512-f3qQ9oQy9j2AhBe/H9VC91wLmKBCCU/gDOnKNAYG5hswO7BLKj09Hc5HYNz9cGI++xlpDCIgDaitVs03ATR84Q=="
    "resolved" "https://registry.npmjs.org/fast-deep-equal/-/fast-deep-equal-3.1.3.tgz"
    "version" "3.1.3"
  
  "fast-glob@^3.3.0":
    "integrity" "sha512-kNFPyjhh5cKjrUltxs+wFx+ZkbRaxxmZ+X0ZU31SOsxCEtP9VPgtq2teZw1DebupL5GmDaNQ6yKMMVcM41iqDg=="
    "resolved" "https://registry.npmjs.org/fast-glob/-/fast-glob-3.3.1.tgz"
    "version" "3.3.1"
    dependencies:
      "@nodelib/fs.stat" "^2.0.2"
      "@nodelib/fs.walk" "^1.2.3"
      "glob-parent" "^5.1.2"
      "merge2" "^1.3.0"
      "micromatch" "^4.0.4"
  
  "fast-json-stable-stringify@^2.0.0":
    "integrity" "sha512-lhd/wF+Lk98HZoTCtlVraHtfh5XYijIjalXck7saUtuanSDyLMxnHhSXEDJqHxD7msR8D0uCmqlkwjCV8xvwHw=="
    "resolved" "https://registry.npmjs.org/fast-json-stable-stringify/-/fast-json-stable-stringify-2.1.0.tgz"
    "version" "2.1.0"
  
  "fast-levenshtein@~2.0.6":
    "integrity" "sha512-DCXu6Ifhqcks7TZKY3Hxp3y6qphY5SJZmrWMDrKcERSOXWQdMhU9Ig/PYrzyw/ul9jOIyh0N4M0tbC5hodg8dw=="
    "resolved" "https://registry.npmjs.org/fast-levenshtein/-/fast-levenshtein-2.0.6.tgz"
    "version" "2.0.6"
  
  "fastq@^1.6.0":
    "integrity" "sha512-wBrocU2LCXXa+lWBt8RoIRD89Fi8OdABODa/kEnyeyjS5aZO5/GNvI5sEINADqP/h8M29UHTHUb53sUu5Ihqdw=="
    "resolved" "https://registry.npmjs.org/fastq/-/fastq-1.15.0.tgz"
    "version" "1.15.0"
    dependencies:
      "reusify" "^1.0.4"
  
  "fill-range@^7.0.1":
    "integrity" "sha512-qOo9F+dMUmC2Lcb4BbVvnKJxTPjCm+RRpe4gDuGrzkL7mEVl/djYSu2OdQ2Pa302N4oqkSg9ir6jaLWJ2USVpQ=="
    "resolved" "https://registry.npmjs.org/fill-range/-/fill-range-7.0.1.tgz"
    "version" "7.0.1"
    dependencies:
      "to-regex-range" "^5.0.1"
  
  "forever-agent@~0.6.1":
    "integrity" "sha512-j0KLYPhm6zeac4lz3oJ3o65qvgQCcPubiyotZrXqEaG4hNagNYO8qdlUrX5vwqv9ohqeT/Z3j6+yW067yWWdUw=="
    "resolved" "https://registry.npmjs.org/forever-agent/-/forever-agent-0.6.1.tgz"
    "version" "0.6.1"
  
  "form-data@~2.3.2":
    "integrity" "sha512-1lLKB2Mu3aGP1Q/2eCOx0fNbRMe7XdwktwOruhfqqd0rIJWwN4Dh+E3hrPSlDCXnSR7UtZ1N38rVXm+6+MEhJQ=="
    "resolved" "https://registry.npmjs.org/form-data/-/form-data-2.3.3.tgz"
    "version" "2.3.3"
    dependencies:
      "asynckit" "^0.4.0"
      "combined-stream" "^1.0.6"
      "mime-types" "^2.1.12"
  
  "fraction.js@^4.3.6":
    "integrity" "sha512-n2aZ9tNfYDwaHhvFTkhFErqOMIb8uyzSQ+vGJBjZyanAKZVbGUQ1sngfk9FdkBw7G26O7AgNjLcecLffD1c7eg=="
    "resolved" "https://registry.npmjs.org/fraction.js/-/fraction.js-4.3.6.tgz"
    "version" "4.3.6"
  
  "fs-extra@^11.0.0":
    "integrity" "sha512-MGIE4HOvQCeUCzmlHs0vXpih4ysz4wg9qiSAu6cd42lVwPbTM1TjV7RusoyQqMmk/95gdQZX72u+YW+c3eEpFQ=="
    "resolved" "https://registry.npmjs.org/fs-extra/-/fs-extra-11.1.1.tgz"
    "version" "11.1.1"
    dependencies:
      "graceful-fs" "^4.2.0"
      "jsonfile" "^6.0.1"
      "universalify" "^2.0.0"
  
  "fs-minipass@^2.0.0":
    "integrity" "sha512-V/JgOLFCS+R6Vcq0slCuaeWEdNC3ouDlJMNIsacH2VtALiu9mV4LPrHc5cDl8k5aw6J8jwgWWpiTo5RYhmIzvg=="
    "resolved" "https://registry.npmjs.org/fs-minipass/-/fs-minipass-2.1.0.tgz"
    "version" "2.1.0"
    dependencies:
      "minipass" "^3.0.0"
  
  "fs.realpath@^1.0.0":
    "integrity" "sha512-OO0pH2lK6a0hZnAdau5ItzHPI6pUlvI7jMVnxUQRtw4owF2wk8lOSabtGDCTP4Ggrg2MbGnWO9X8K1t4+fGMDw=="
    "resolved" "https://registry.npmjs.org/fs.realpath/-/fs.realpath-1.0.0.tgz"
    "version" "1.0.0"
  
  "fsevents@~2.3.2":
    "integrity" "sha512-5xoDfX+fL7faATnagmWPpbFtwh/R77WmMMqqHGS65C3vvB0YHrgF+B1YmZ3441tMj5n63k0212XNoJwzlhffQw=="
    "resolved" "https://registry.npmjs.org/fsevents/-/fsevents-2.3.3.tgz"
    "version" "2.3.3"
  
  "gauge@^3.0.0":
    "integrity" "sha512-+5J6MS/5XksCuXq++uFRsnUd7Ovu1XenbeuIuNRJxYWjgQbPuFhT14lAvsWfqfAmnwluf1OwMjz39HjfLPci0Q=="
    "resolved" "https://registry.npmjs.org/gauge/-/gauge-3.0.2.tgz"
    "version" "3.0.2"
    dependencies:
      "aproba" "^1.0.3 || ^2.0.0"
      "color-support" "^1.1.2"
      "console-control-strings" "^1.0.0"
      "has-unicode" "^2.0.1"
      "object-assign" "^4.1.1"
      "signal-exit" "^3.0.0"
      "string-width" "^4.2.3"
      "strip-ansi" "^6.0.1"
      "wide-align" "^1.1.2"
  
  "get-caller-file@^2.0.5":
    "integrity" "sha512-DyFP3BM/3YHTQOCUL/w0OZHR0lpKeGrxotcHWcqNEdnltqFwXVfhEBQ94eIo34AfQpo0rGki4cyIiftY06h2Fg=="
    "resolved" "https://registry.npmjs.org/get-caller-file/-/get-caller-file-2.0.5.tgz"
    "version" "2.0.5"
  
  "get-form-data@^3.0.0":
    "integrity" "sha512-1d53Kn08wlPuLu31/boF1tW2WRYKw3xAWae3mqcjqpDjoqVBtXolbQnudbbEFyFWL7+2SLGRAFdotxNY06V7MA=="
    "resolved" "https://registry.npmjs.org/get-form-data/-/get-form-data-3.0.0.tgz"
    "version" "3.0.0"
  
  "get-stdin@^9.0.0":
    "integrity" "sha512-dVKBjfWisLAicarI2Sf+JuBE/DghV4UzNAVe9yhEJuzeREd3JhOTE9cUaJTeSa77fsbQUK3pcOpJfM59+VKZaA=="
    "resolved" "https://registry.npmjs.org/get-stdin/-/get-stdin-9.0.0.tgz"
    "version" "9.0.0"
  
  "getpass@^0.1.1":
    "integrity" "sha512-0fzj9JxOLfJ+XGLhR8ze3unN0KZCgZwiSSDz168VERjK8Wl8kVSdcu2kspd4s4wtAa1y/qrVRiAA0WclVsu0ng=="
    "resolved" "https://registry.npmjs.org/getpass/-/getpass-0.1.7.tgz"
    "version" "0.1.7"
    dependencies:
      "assert-plus" "^1.0.0"
  
  "glob-parent@^5.1.2", "glob-parent@~5.1.2":
    "integrity" "sha512-AOIgSQCepiJYwP3ARnGx+5VnTu2HBYdzbGP45eLw1vr3zB3vZLeyed1sC9hnbcOc9/SrMyM5RPQrkGz4aS9Zow=="
    "resolved" "https://registry.npmjs.org/glob-parent/-/glob-parent-5.1.2.tgz"
    "version" "5.1.2"
    dependencies:
      "is-glob" "^4.0.1"
  
  "glob@^7.1.3":
    "integrity" "sha512-nFR0zLpU2YCaRxwoCJvL6UvCH2JFyFVIvwTLsIf21AuHlMskA1hhTdk+LlYJtOlYt9v6dvszD2BGRqBL+iQK9Q=="
    "resolved" "https://registry.npmjs.org/glob/-/glob-7.2.3.tgz"
    "version" "7.2.3"
    dependencies:
      "fs.realpath" "^1.0.0"
      "inflight" "^1.0.4"
      "inherits" "2"
      "minimatch" "^3.1.1"
      "once" "^1.3.0"
      "path-is-absolute" "^1.0.0"
  
  "globby@^13.0.0":
    "integrity" "sha512-Y1zNGV+pzQdh7H39l9zgB4PJqjRNqydvdYCDG4HFXM4XuvSaQQlEc91IU1yALL8gUTDomgBAfz3XJdmUS+oo0w=="
    "resolved" "https://registry.npmjs.org/globby/-/globby-13.2.2.tgz"
    "version" "13.2.2"
    dependencies:
      "dir-glob" "^3.0.1"
      "fast-glob" "^3.3.0"
      "ignore" "^5.2.4"
      "merge2" "^1.4.1"
      "slash" "^4.0.0"
  
  "graceful-fs@^4.1.6", "graceful-fs@^4.2.0":
    "integrity" "sha512-RbJ5/jmFcNNCcDV5o9eTnBLJ/HszWV0P73bc+Ff4nS/rJj+YaS6IGyiOL0VoBYX+l1Wrl3k63h/KrH+nhJ0XvQ=="
    "resolved" "https://registry.npmjs.org/graceful-fs/-/graceful-fs-4.2.11.tgz"
    "version" "4.2.11"
  
  "har-schema@^2.0.0":
    "integrity" "sha512-Oqluz6zhGX8cyRaTQlFMPw80bSJVG2x/cFb8ZPhUILGgHka9SsokCCOQgpveePerqidZOrT14ipqfJb7ILcW5Q=="
    "resolved" "https://registry.npmjs.org/har-schema/-/har-schema-2.0.0.tgz"
    "version" "2.0.0"
  
  "har-validator@~5.1.3":
    "integrity" "sha512-nmT2T0lljbxdQZfspsno9hgrG3Uir6Ks5afism62poxqBM6sDnMEuPmzTq8XN0OEwqKLLdh1jQI3qyE66Nzb3w=="
    "resolved" "https://registry.npmjs.org/har-validator/-/har-validator-5.1.5.tgz"
    "version" "5.1.5"
    dependencies:
      "ajv" "^6.12.3"
      "har-schema" "^2.0.0"
  
  "has-flag@^3.0.0":
    "integrity" "sha512-sKJf1+ceQBr4SMkvQnBDNDtf4TXpVhVGateu0t918bl30FnbE2m4vNLX+VWe/dpjlb+HugGYzW7uQXH98HPEYw=="
    "resolved" "https://registry.npmjs.org/has-flag/-/has-flag-3.0.0.tgz"
    "version" "3.0.0"
  
  "has-unicode@^2.0.1":
    "integrity" "sha512-8Rf9Y83NBReMnx0gFzA8JImQACstCYWUplepDa9xprwwtmgEZUF0h/i5xSA625zB/I37EtrswSST6OXxwaaIJQ=="
    "resolved" "https://registry.npmjs.org/has-unicode/-/has-unicode-2.0.1.tgz"
    "version" "2.0.1"
  
  "html-encoding-sniffer@^1.0.2":
    "integrity" "sha512-71lZziiDnsuabfdYiUeWdCVyKuqwWi23L8YeIgV9jSSZHCtb6wB1BKWooH7L3tn4/FuZJMVWyNaIDr4RGmaSYw=="
    "resolved" "https://registry.npmjs.org/html-encoding-sniffer/-/html-encoding-sniffer-1.0.2.tgz"
    "version" "1.0.2"
    dependencies:
      "whatwg-encoding" "^1.0.1"
  
  "http-signature@~1.2.0":
    "integrity" "sha512-CAbnr6Rz4CYQkLYUtSNXxQPUH2gK8f3iWexVlsnMeD+GjlsQ0Xsy1cOX+mN3dtxYomRy21CiOzU8Uhw6OwncEQ=="
    "resolved" "https://registry.npmjs.org/http-signature/-/http-signature-1.2.0.tgz"
    "version" "1.2.0"
    dependencies:
      "assert-plus" "^1.0.0"
      "jsprim" "^1.2.2"
      "sshpk" "^1.7.0"
  
  "https-proxy-agent@^5.0.0":
    "integrity" "sha512-dFcAjpTQFgoLMzC2VwU+C/CbS7uRL0lWmxDITmqm7C+7F0Odmj6s9l6alZc6AELXhrnggM2CeWSXHGOdX2YtwA=="
    "resolved" "https://registry.npmjs.org/https-proxy-agent/-/https-proxy-agent-5.0.1.tgz"
    "version" "5.0.1"
    dependencies:
      "agent-base" "6"
      "debug" "4"
  
  "iconv-lite@0.4.24":
    "integrity" "sha512-v3MXnZAcvnywkTUEZomIActle7RXXeedOR31wwl7VlyoXO4Qi9arvSenNQWne1TcRwhCL1HwLI21bEqdpj8/rA=="
    "resolved" "https://registry.npmjs.org/iconv-lite/-/iconv-lite-0.4.24.tgz"
    "version" "0.4.24"
    dependencies:
      "safer-buffer" ">= 2.1.2 < 3"
  
  "ignore-by-default@^1.0.1":
    "integrity" "sha512-Ius2VYcGNk7T90CppJqcIkS5ooHUZyIQK+ClZfMfMNFEF9VSE73Fq+906u/CWu92x4gzZMWOwfFYckPObzdEbA=="
    "resolved" "https://registry.npmjs.org/ignore-by-default/-/ignore-by-default-1.0.1.tgz"
    "version" "1.0.1"
  
  "ignore@^5.2.4":
    "integrity" "sha512-MAb38BcSbH0eHNBxn7ql2NH/kX33OkB3lZ1BNdh7ENeRChHTYsTvWrMubiIAMNS2llXEEgZ1MUOBtXChP3kaFQ=="
    "resolved" "https://registry.npmjs.org/ignore/-/ignore-5.2.4.tgz"
    "version" "5.2.4"
  
  "immutable@^4.0.0":
    "integrity" "sha512-fsXeu4J4i6WNWSikpI88v/PcVflZz+6kMhUfIwc5SY+poQRPnaf5V7qds6SUyUN3cVxEzuCab7QIoLOQ+DQ1wA=="
    "resolved" "https://registry.npmjs.org/immutable/-/immutable-4.3.4.tgz"
    "version" "4.3.4"
  
  "inflight@^1.0.4":
    "integrity" "sha512-k92I/b08q4wvFscXCLvqfsHCrjrF7yiXsQuIVvVE7N82W3+aqpzuUdBbfhWcy/FZR3/4IgflMgKLOsvPDrGCJA=="
    "resolved" "https://registry.npmjs.org/inflight/-/inflight-1.0.6.tgz"
    "version" "1.0.6"
    dependencies:
      "once" "^1.3.0"
      "wrappy" "1"
  
  "inherits@^2.0.3", "inherits@2":
    "integrity" "sha512-k/vGaX4/Yla3WzyMCvTQOXYeIHvqOKtnqBduzTHpzpQZzAskKMhZ2K+EnBiSM9zGSoIFeMpXKxa4dYeZIQqewQ=="
    "resolved" "https://registry.npmjs.org/inherits/-/inherits-2.0.4.tgz"
    "version" "2.0.4"
  
  "ip-regex@^2.1.0":
    "integrity" "sha512-58yWmlHpp7VYfcdTwMTvwMmqx/Elfxjd9RXTDyMsbL7lLWmhMylLEqiYVLKuLzOZqVgiWXD9MfR62Vv89VRxkw=="
    "resolved" "https://registry.npmjs.org/ip-regex/-/ip-regex-2.1.0.tgz"
    "version" "2.1.0"
  
  "is-binary-path@~2.1.0":
    "integrity" "sha512-ZMERYes6pDydyuGidse7OsHxtbI7WVeUEozgR/g7rd0xUimYNlvZRE/K2MgZTjWy725IfelLeVcEM97mmtRGXw=="
    "resolved" "https://registry.npmjs.org/is-binary-path/-/is-binary-path-2.1.0.tgz"
    "version" "2.1.0"
    dependencies:
      "binary-extensions" "^2.0.0"
  
  "is-extglob@^2.1.1":
    "integrity" "sha512-SbKbANkN603Vi4jEZv49LeVJMn4yGwsbzZworEoyEiutsN3nJYdbO36zfhGJ6QEDpOZIFkDtnq5JRxmvl3jsoQ=="
    "resolved" "https://registry.npmjs.org/is-extglob/-/is-extglob-2.1.1.tgz"
    "version" "2.1.1"
  
  "is-fullwidth-code-point@^3.0.0":
    "integrity" "sha512-zymm5+u+sCsSWyD9qNaejV3DFvhCKclKdizYaJUuHA83RLjb7nSuGnddCHGv0hk+KY7BMAlsWeK4Ueg6EV6XQg=="
    "resolved" "https://registry.npmjs.org/is-fullwidth-code-point/-/is-fullwidth-code-point-3.0.0.tgz"
    "version" "3.0.0"
  
  "is-glob@^4.0.1", "is-glob@~4.0.1":
    "integrity" "sha512-xelSayHH36ZgE7ZWhli7pW34hNbNl8Ojv5KVmkJD4hBdD3th8Tfk9vYasLM+mXWOZhFkgZfxhLSnrwRr4elSSg=="
    "resolved" "https://registry.npmjs.org/is-glob/-/is-glob-4.0.3.tgz"
    "version" "4.0.3"
    dependencies:
      "is-extglob" "^2.1.1"
  
  "is-number@^7.0.0":
    "integrity" "sha512-41Cifkg6e8TylSpdtTpeLVMqvSBEVzTttHvERD741+pnZ8ANv0004MRL43QKPDlK9cGvNp6NZWZUBlbGXYxxng=="
    "resolved" "https://registry.npmjs.org/is-number/-/is-number-7.0.0.tgz"
    "version" "7.0.0"
  
  "is-shallow-equal@^1.0.1":
    "integrity" "sha512-lq5RvK+85Hs5J3p4oA4256M1FEffzmI533ikeDHvJd42nouRRx5wBzt36JuviiGe5dIPyHON/d0/Up+PBo6XkQ=="
    "resolved" "https://registry.npmjs.org/is-shallow-equal/-/is-shallow-equal-1.0.1.tgz"
    "version" "1.0.1"
  
  "is-typedarray@~1.0.0":
    "integrity" "sha512-cyA56iCMHAh5CdzjJIa4aohJyeO1YbwLi3Jc35MmRU6poroFjIGZzUzupGiRPOjgHg9TLu43xbpwXk523fMxKA=="
    "resolved" "https://registry.npmjs.org/is-typedarray/-/is-typedarray-1.0.0.tgz"
    "version" "1.0.0"
  
  "isstream@~0.1.2":
    "integrity" "sha512-Yljz7ffyPbrLpLngrMtZ7NduUgVvi6wG9RJ9IUcyCd59YQ911PBJphODUcbOVbqYfxe1wuYf/LJ8PauMRwsM/g=="
    "resolved" "https://registry.npmjs.org/isstream/-/isstream-0.1.2.tgz"
    "version" "0.1.2"
  
  "jsbn@~0.1.0":
    "integrity" "sha512-UVU9dibq2JcFWxQPA6KCqj5O42VOmAY3zQUfEKxU0KpTGXwNoCjkX1e13eHNvw/xPynt6pU0rZ1htjWTNTSXsg=="
    "resolved" "https://registry.npmjs.org/jsbn/-/jsbn-0.1.1.tgz"
    "version" "0.1.1"
  
  "jsdom@^15.2.1":
    "integrity" "sha512-fAl1W0/7T2G5vURSyxBzrJ1LSdQn6Tr5UX/xD4PXDx/PDgwygedfW6El/KIj3xJ7FU61TTYnc/l/B7P49Eqt6g=="
    "resolved" "https://registry.npmjs.org/jsdom/-/jsdom-15.2.1.tgz"
    "version" "15.2.1"
    dependencies:
      "abab" "^2.0.0"
      "acorn" "^7.1.0"
      "acorn-globals" "^4.3.2"
      "array-equal" "^1.0.0"
      "cssom" "^0.4.1"
      "cssstyle" "^2.0.0"
      "data-urls" "^1.1.0"
      "domexception" "^1.0.1"
      "escodegen" "^1.11.1"
      "html-encoding-sniffer" "^1.0.2"
      "nwsapi" "^2.2.0"
      "parse5" "5.1.0"
      "pn" "^1.1.0"
      "request" "^2.88.0"
      "request-promise-native" "^1.0.7"
      "saxes" "^3.1.9"
      "symbol-tree" "^3.2.2"
      "tough-cookie" "^3.0.1"
      "w3c-hr-time" "^1.0.1"
      "w3c-xmlserializer" "^1.1.2"
      "webidl-conversions" "^4.0.2"
      "whatwg-encoding" "^1.0.5"
      "whatwg-mimetype" "^2.3.0"
      "whatwg-url" "^7.0.0"
      "ws" "^7.0.0"
      "xml-name-validator" "^3.0.0"
  
  "json-schema-traverse@^0.4.1":
    "integrity" "sha512-xbbCH5dCYU5T8LcEhhuh7HJ88HXuW3qsI3Y0zOZFKfZEHcpWiHU/Jxzk629Brsab/mMiHQti9wMP+845RPe3Vg=="
    "resolved" "https://registry.npmjs.org/json-schema-traverse/-/json-schema-traverse-0.4.1.tgz"
    "version" "0.4.1"
  
  "json-schema@0.4.0":
    "integrity" "sha512-es94M3nTIfsEPisRafak+HDLfHXnKBhV3vU5eqPcS3flIWqcxJWgXHXiey3YrpaNsanY5ei1VoYEbOzijuq9BA=="
    "resolved" "https://registry.npmjs.org/json-schema/-/json-schema-0.4.0.tgz"
    "version" "0.4.0"
  
  "json-stringify-safe@~5.0.1":
    "integrity" "sha512-ZClg6AaYvamvYEE82d3Iyd3vSSIjQ+odgjaTzRuO3s7toCdFKczob2i0zCh7JE8kWn17yvAWhUVxvqGwUalsRA=="
    "resolved" "https://registry.npmjs.org/json-stringify-safe/-/json-stringify-safe-5.0.1.tgz"
    "version" "5.0.1"
  
  "jsonfile@^6.0.1":
    "integrity" "sha512-5dgndWOriYSm5cnYaJNhalLNDKOqFwyDB/rr1E9ZsGciGvKPs8R2xYGCacuf3z6K1YKDz182fd+fY3cn3pMqXQ=="
    "resolved" "https://registry.npmjs.org/jsonfile/-/jsonfile-6.1.0.tgz"
    "version" "6.1.0"
    dependencies:
      "universalify" "^2.0.0"
    optionalDependencies:
      "graceful-fs" "^4.1.6"
  
  "jsprim@^1.2.2":
    "integrity" "sha512-P2bSOMAc/ciLz6DzgjVlGJP9+BrJWu5UDGK70C2iweC5QBIeFf0ZXRvGjEj2uYgrY2MkAAhsSWHDWlFtEroZWw=="
    "resolved" "https://registry.npmjs.org/jsprim/-/jsprim-1.4.2.tgz"
    "version" "1.4.2"
    dependencies:
      "assert-plus" "1.0.0"
      "extsprintf" "1.3.0"
      "json-schema" "0.4.0"
      "verror" "1.10.0"
  
  "levn@~0.3.0":
    "integrity" "sha512-0OO4y2iOHix2W6ujICbKIaEQXvFQHue65vUG3pb5EUomzPI90z9hsA1VsO/dbIIpC53J8gxM9Q4Oho0jrCM/yA=="
    "resolved" "https://registry.npmjs.org/levn/-/levn-0.3.0.tgz"
    "version" "0.3.0"
    dependencies:
      "prelude-ls" "~1.1.2"
      "type-check" "~0.3.2"
  
  "lilconfig@^2.0.5":
    "integrity" "sha512-utWOt/GHzuUxnLKxB6dk81RoOeoNeHgbrXiuGk4yyF5qlRz+iIVWu56E2fqGHFrXz0QNUhLB/8nKqvRH66JKGQ=="
    "resolved" "https://registry.npmjs.org/lilconfig/-/lilconfig-2.1.0.tgz"
    "version" "2.1.0"
  
  "lodash.sortby@^4.7.0":
    "integrity" "sha512-HDWXG8isMntAyRF5vZ7xKuEvOhT4AhlRt/3czTSjvGUxjYCBVRQY48ViDHyfYz9VIoBkW4TMGQNapx+l3RUwdA=="
    "resolved" "https://registry.npmjs.org/lodash.sortby/-/lodash.sortby-4.7.0.tgz"
    "version" "4.7.0"
  
  "lodash@^4.17.19", "lodash@^4.17.21":
    "integrity" "sha512-v2kDEe57lecTulaDIuNTPy3Ry4gLGJ6Z1O3vE1krgXZNrsQ+LFTGHVxVjcXPs17LhbZVGedAJv8XZ1tvj5FvSg=="
    "resolved" "https://registry.npmjs.org/lodash/-/lodash-4.17.21.tgz"
    "version" "4.17.21"
  
  "lru-cache@^6.0.0":
    "integrity" "sha512-Jo6dJ04CmSjuznwJSS3pUeWmd/H0ffTlkXXgwZi+eq1UCmqQwCh+eLsYOYCwY991i2Fah4h1BEMCx4qThGbsiA=="
    "resolved" "https://registry.npmjs.org/lru-cache/-/lru-cache-6.0.0.tgz"
    "version" "6.0.0"
    dependencies:
      "yallist" "^4.0.0"
  
  "make-dir@^3.1.0":
    "integrity" "sha512-g3FeP20LNwhALb/6Cz6Dd4F2ngze0jz7tbzrD2wAV+o9FeNHe4rL+yK2md0J/fiSf1sa1ADhXqi5+oVwOM/eGw=="
    "resolved" "https://registry.npmjs.org/make-dir/-/make-dir-3.1.0.tgz"
    "version" "3.1.0"
    dependencies:
      "semver" "^6.0.0"
  
  "memoize-one@^6.0.0":
    "integrity" "sha512-rkpe71W0N0c0Xz6QD0eJETuWAJGnJ9afsl1srmwPrI+yBCkge5EycXXbYRyvL29zZVUWQCY7InPRCv3GDXuZNw=="
    "resolved" "https://registry.npmjs.org/memoize-one/-/memoize-one-6.0.0.tgz"
    "version" "6.0.0"
  
  "merge2@^1.3.0", "merge2@^1.4.1":
    "integrity" "sha512-8q7VEgMJW4J8tcfVPy8g09NcQwZdbwFEqhe/WZkoIzjn/3TGDwtOCYtXGxA3O8tPzpczCCDgv+P2P5y00ZJOOg=="
    "resolved" "https://registry.npmjs.org/merge2/-/merge2-1.4.1.tgz"
    "version" "1.4.1"
  
  "micromatch@^4.0.4":
    "integrity" "sha512-DMy+ERcEW2q8Z2Po+WNXuw3c5YaUSFjAO5GsJqfEl7UjvtIuFKO6ZrKvcItdy98dwFI2N1tg3zNIdKaQT+aNdA=="
    "resolved" "https://registry.npmjs.org/micromatch/-/micromatch-4.0.5.tgz"
    "version" "4.0.5"
    dependencies:
      "braces" "^3.0.2"
      "picomatch" "^2.3.1"
  
  "mime-db@1.52.0":
    "integrity" "sha512-sPU4uV7dYlvtWJxwwxHD0PuihVNiE7TyAbQ5SWxDCB9mUYvOgroQOwYQQOKPJ8CIbE+1ETVlOoK1UC2nU3gYvg=="
    "resolved" "https://registry.npmjs.org/mime-db/-/mime-db-1.52.0.tgz"
    "version" "1.52.0"
  
  "mime-match@^1.0.2":
    "integrity" "sha512-VXp/ugGDVh3eCLOBCiHZMYWQaTNUHv2IJrut+yXA6+JbLPXHglHwfS/5A5L0ll+jkCY7fIzRJcH6OIunF+c6Cg=="
    "resolved" "https://registry.npmjs.org/mime-match/-/mime-match-1.0.2.tgz"
    "version" "1.0.2"
    dependencies:
      "wildcard" "^1.1.0"
  
  "mime-types@^2.1.12", "mime-types@~2.1.19":
    "integrity" "sha512-ZDY+bPm5zTTF+YpCrAU9nK0UgICYPT0QtT1NZWFv4s++TNkcgVaT0g6+4R2uI4MjQjzysHB1zxuWL50hzaeXiw=="
    "resolved" "https://registry.npmjs.org/mime-types/-/mime-types-2.1.35.tgz"
    "version" "2.1.35"
    dependencies:
      "mime-db" "1.52.0"
  
  "mimic-response@^2.0.0":
    "integrity" "sha512-wXqjST+SLt7R009ySCglWBCFpjUygmCIfD790/kVbiGmUgfYGuB14PiTd5DwVxSV4NcYHjzMkoj5LjQZwTQLEA=="
    "resolved" "https://registry.npmjs.org/mimic-response/-/mimic-response-2.1.0.tgz"
    "version" "2.1.0"
  
  "minimatch@^3.1.1", "minimatch@^3.1.2":
    "integrity" "sha512-J7p63hRiAjw1NDEww1W7i37+ByIrOWO5XQQAzZ3VOcL0PNybwpfmV/N05zFAzwQ9USyEcX6t3UO+K5aqBQOIHw=="
    "resolved" "https://registry.npmjs.org/minimatch/-/minimatch-3.1.2.tgz"
    "version" "3.1.2"
    dependencies:
      "brace-expansion" "^1.1.7"
  
  "minipass@^3.0.0":
    "integrity" "sha512-DxiNidxSEK+tHG6zOIklvNOwm3hvCrbUrdtzY74U6HKTJxvIDfOUL5W5P2Ghd3DTkhhKPYGqeNUIh5qcM4YBfw=="
    "resolved" "https://registry.npmjs.org/minipass/-/minipass-3.3.6.tgz"
    "version" "3.3.6"
    dependencies:
      "yallist" "^4.0.0"
  
  "minipass@^5.0.0":
    "integrity" "sha512-3FnjYuehv9k6ovOEbyOswadCDPX1piCfhV8ncmYtHOjuPwylVWsghTLo7rabjC3Rx5xD4HDx8Wm1xnMF7S5qFQ=="
    "resolved" "https://registry.npmjs.org/minipass/-/minipass-5.0.0.tgz"
    "version" "5.0.0"
  
  "minizlib@^2.1.1":
    "integrity" "sha512-bAxsR8BVfj60DWXHE3u30oHzfl4G7khkSuPW+qvpd7jFRHm7dLxOjUk1EHACJ/hxLY8phGJ0YhYHZo7jil7Qdg=="
    "resolved" "https://registry.npmjs.org/minizlib/-/minizlib-2.1.2.tgz"
    "version" "2.1.2"
    dependencies:
      "minipass" "^3.0.0"
      "yallist" "^4.0.0"
  
  "mkdirp@^1.0.3":
    "integrity" "sha512-vVqVZQyf3WLx2Shd0qJ9xuvqgAyKPLAiqITEtqW0oIUjzo3PePDd6fW9iFz30ef7Ysp/oiWqbhszeGWW2T6Gzw=="
    "resolved" "https://registry.npmjs.org/mkdirp/-/mkdirp-1.0.4.tgz"
    "version" "1.0.4"
  
  "ms@^2.1.1":
    "integrity" "sha512-6FlzubTLZG3J2a/NVCAleEhjzq5oxgHyaCU9yYXvcLsvoVaHJq/s5xXI6/XXP6tz7R9xAOtHnSO/tXtF3WRTlA=="
    "resolved" "https://registry.npmjs.org/ms/-/ms-2.1.3.tgz"
    "version" "2.1.3"
  
  "ms@2.1.2":
    "integrity" "sha512-sGkPx+VjMtmA6MX27oA4FBFELFCZZ4S4XqeGOXCv68tT+jb3vk/RyaKWP0PTKyWtmLSM0b+adUTEvbs1PEaH2w=="
    "resolved" "https://registry.npmjs.org/ms/-/ms-2.1.2.tgz"
    "version" "2.1.2"
  
  "namespace-emitter@^2.0.1":
    "integrity" "sha512-N/sMKHniSDJBjfrkbS/tpkPj4RAbvW3mr8UAzvlMHyun93XEm83IAvhWtJVHo+RHn/oO8Job5YN4b+wRjSVp5g=="
    "resolved" "https://registry.npmjs.org/namespace-emitter/-/namespace-emitter-2.0.1.tgz"
    "version" "2.0.1"
  
  "nan@^2.17.0":
    "integrity" "sha512-W7tfG7vMOGtD30sHoZSSc/JVYiyDPEyQVso/Zz+/uQd0B0L46gtC+pHha5FFMRpil6fm/AoEcRWyOVi4+E/f8w=="
    "resolved" "https://registry.npmjs.org/nan/-/nan-2.18.0.tgz"
    "version" "2.18.0"
  
  "nanoid@^3.3.6":
    "integrity" "sha512-BGcqMMJuToF7i1rt+2PWSNVnWIkGCU78jBG3RxO/bZlnZPK2Cmi2QaffxGO/2RvWi9sL+FAiRiXMgsyxQ1DIDA=="
    "resolved" "https://registry.npmjs.org/nanoid/-/nanoid-3.3.6.tgz"
    "version" "3.3.6"
  
  "nanoid@^4.0.0":
    "integrity" "sha512-7ZtY5KTCNheRGfEFxnedV5zFiORN1+Y1N6zvPTnHQd8ENUvfaDBeuJDZb2bN/oXwXxu3qkTXDzy57W5vAmDTBw=="
    "resolved" "https://registry.npmjs.org/nanoid/-/nanoid-4.0.2.tgz"
    "version" "4.0.2"
  
  "node-fetch@^2.6.7":
    "integrity" "sha512-c4FRfUm/dbcWZ7U+1Wq0AwCyFL+3nt2bEw05wfxSz+DWpWsitgmSgYmy2dQdWyKC1694ELPqMs/YzUSNozLt8A=="
    "resolved" "https://registry.npmjs.org/node-fetch/-/node-fetch-2.7.0.tgz"
    "version" "2.7.0"
    dependencies:
      "whatwg-url" "^5.0.0"
  
  "node-releases@^2.0.13":
    "integrity" "sha512-uYr7J37ae/ORWdZeQ1xxMJe3NtdmqMC/JZK+geofDrkLUApKRHPd18/TxtBOJ4A0/+uUIliorNrfYV6s1b02eQ=="
    "resolved" "https://registry.npmjs.org/node-releases/-/node-releases-2.0.13.tgz"
    "version" "2.0.13"
  
  "nodemon@^3.0.1":
    "integrity" "sha512-g9AZ7HmkhQkqXkRc20w+ZfQ73cHLbE8hnPbtaFbFtCumZsjyMhKk9LajQ07U5Ux28lvFjZ5X7HvWR1xzU8jHVw=="
    "resolved" "https://registry.npmjs.org/nodemon/-/nodemon-3.0.1.tgz"
    "version" "3.0.1"
    dependencies:
      "chokidar" "^3.5.2"
      "debug" "^3.2.7"
      "ignore-by-default" "^1.0.1"
      "minimatch" "^3.1.2"
      "pstree.remy" "^1.1.8"
      "semver" "^7.5.3"
      "simple-update-notifier" "^2.0.0"
      "supports-color" "^5.5.0"
      "touch" "^3.1.0"
      "undefsafe" "^2.0.5"
  
  "nopt@^5.0.0":
    "integrity" "sha512-Tbj67rffqceeLpcRXrT7vKAN8CwfPeIBgM7E6iBkmKLV7bEMwpGgYLGv0jACUsECaa/vuxP0IjEont6umdMgtQ=="
    "resolved" "https://registry.npmjs.org/nopt/-/nopt-5.0.0.tgz"
    "version" "5.0.0"
    dependencies:
      "abbrev" "1"
  
  "nopt@~1.0.10":
    "integrity" "sha512-NWmpvLSqUrgrAC9HCuxEvb+PSloHpqVu+FqcO4eeF2h5qYRhA7ev6KvelyQAKtegUbC6RypJnlEOhd8vloNKYg=="
    "resolved" "https://registry.npmjs.org/nopt/-/nopt-1.0.10.tgz"
    "version" "1.0.10"
    dependencies:
      "abbrev" "1"
  
  "normalize-path@^3.0.0", "normalize-path@~3.0.0":
    "integrity" "sha512-6eZs5Ls3WtCisHWp9S2GUy8dqkpGi4BVSz3GaqiE6ezub0512ESztXUwUB6C6IKbQkY2Pnb/mD4WYojCRwcwLA=="
    "resolved" "https://registry.npmjs.org/normalize-path/-/normalize-path-3.0.0.tgz"
    "version" "3.0.0"
  
  "normalize-range@^0.1.2":
    "integrity" "sha512-bdok/XvKII3nUpklnV6P2hxtMNrCboOjAcyBuQnWEhO665FwrSNRxU+AqpsyvO6LgGYPspN+lu5CLtw4jPRKNA=="
    "resolved" "https://registry.npmjs.org/normalize-range/-/normalize-range-0.1.2.tgz"
    "version" "0.1.2"
  
  "npmlog@^5.0.1":
    "integrity" "sha512-AqZtDUWOMKs1G/8lwylVjrdYgqA4d9nu8hc+0gzRxlDb1I10+FHBGMXs6aiQHFdCUUlqH99MUMuLfzWDNDtfxw=="
    "resolved" "https://registry.npmjs.org/npmlog/-/npmlog-5.0.1.tgz"
    "version" "5.0.1"
    dependencies:
      "are-we-there-yet" "^2.0.0"
      "console-control-strings" "^1.1.0"
      "gauge" "^3.0.0"
      "set-blocking" "^2.0.0"
  
  "nwsapi@^2.2.0":
    "integrity" "sha512-ub5E4+FBPKwAZx0UwIQOjYWGHTEq5sPqHQNRN8Z9e4A7u3Tj1weLJsL59yH9vmvqEtBHaOmT6cYQKIZOxp35FQ=="
    "resolved" "https://registry.npmjs.org/nwsapi/-/nwsapi-2.2.7.tgz"
    "version" "2.2.7"
  
  "oauth-sign@~0.9.0":
    "integrity" "sha512-fexhUFFPTGV8ybAtSIGbV6gOkSv8UtRbDBnAyLQw4QPKkgNlsH2ByPGtMUqdWkos6YCRmAqViwgZrJc/mRDzZQ=="
    "resolved" "https://registry.npmjs.org/oauth-sign/-/oauth-sign-0.9.0.tgz"
    "version" "0.9.0"
  
  "object-assign@^4.1.1":
    "integrity" "sha512-rJgTQnkUnH1sFw8yT6VSU3zD3sWmu6sZhIseY8VX+GRu3P6F7Fu+JNDoXfklElbLJSnc3FUQHVe4cU5hj+BcUg=="
    "resolved" "https://registry.npmjs.org/object-assign/-/object-assign-4.1.1.tgz"
    "version" "4.1.1"
  
  "once@^1.3.0", "once@^1.3.1":
    "integrity" "sha512-lNaJgI+2Q5URQBkccEKHTQOPaXdUxnZZElQTZY0MFUAuaEqe1E+Nyvgdz/aIyNi6Z9MzO5dv1H8n58/GELp3+w=="
    "resolved" "https://registry.npmjs.org/once/-/once-1.4.0.tgz"
    "version" "1.4.0"
    dependencies:
      "wrappy" "1"
  
  "optionator@^0.8.1":
    "integrity" "sha512-+IW9pACdk3XWmmTXG8m3upGUJst5XRGzxMRjXzAuJ1XnIFNvfhjjIuYkDvysnPQ7qzqVzLt78BCruntqRhWQbA=="
    "resolved" "https://registry.npmjs.org/optionator/-/optionator-0.8.3.tgz"
    "version" "0.8.3"
    dependencies:
      "deep-is" "~0.1.3"
      "fast-levenshtein" "~2.0.6"
      "levn" "~0.3.0"
      "prelude-ls" "~1.1.2"
      "type-check" "~0.3.2"
      "word-wrap" "~1.2.3"
  
  "p-queue@^7.3.4":
    "integrity" "sha512-vRpMXmIkYF2/1hLBKisKeVYJZ8S2tZ0zEAmIJgdVKP2nq0nh4qCdf8bgw+ZgKrkh71AOCaqzwbJJk1WtdcF3VA=="
    "resolved" "https://registry.npmjs.org/p-queue/-/p-queue-7.4.1.tgz"
    "version" "7.4.1"
    dependencies:
      "eventemitter3" "^5.0.1"
      "p-timeout" "^5.0.2"
  
  "p-timeout@^5.0.2":
    "integrity" "sha512-auFDyzzzGZZZdHz3BtET9VEz0SE/uMEAx7uWfGPucfzEwwe/xH0iVeZibQmANYE/hp9T2+UUZT5m+BKyrDp3Ew=="
    "resolved" "https://registry.npmjs.org/p-timeout/-/p-timeout-5.1.0.tgz"
    "version" "5.1.0"
  
  "parse5@5.1.0":
    "integrity" "sha512-fxNG2sQjHvlVAYmzBZS9YlDp6PTSSDwa98vkD4QgVDDCAo84z5X1t5XyJQ62ImdLXx5NdIIfihey6xpum9/gRQ=="
    "resolved" "https://registry.npmjs.org/parse5/-/parse5-5.1.0.tgz"
    "version" "5.1.0"
  
  "path-is-absolute@^1.0.0":
    "integrity" "sha512-AVbw3UJ2e9bq64vSaS9Am0fje1Pa8pbGqTTsmXfaIiMpnr5DlDhfJOuLj9Sf95ZPVDAUerDfEk88MPmPe7UCQg=="
    "resolved" "https://registry.npmjs.org/path-is-absolute/-/path-is-absolute-1.0.1.tgz"
    "version" "1.0.1"
  
  "path-type@^4.0.0":
    "integrity" "sha512-gDKb8aZMDeD/tZWs9P6+q0J9Mwkdl6xMV8TjnGP3qJVJ06bdMgkbBlLU8IdfOsIsFz2BW1rNVT3XuNEl8zPAvw=="
    "resolved" "https://registry.npmjs.org/path-type/-/path-type-4.0.0.tgz"
    "version" "4.0.0"
  
  "performance-now@^2.1.0":
    "integrity" "sha512-7EAHlyLHI56VEIdK57uwHdHKIaAGbnXPiw0yWbarQZOKaKpvUIgW0jWRVLiatnM+XXlSwsanIBH/hzGMJulMow=="
    "resolved" "https://registry.npmjs.org/performance-now/-/performance-now-2.1.0.tgz"
    "version" "2.1.0"
  
  "picocolors@^1.0.0":
    "integrity" "sha512-1fygroTLlHu66zi26VoTDv8yRgm0Fccecssto+MhsZ0D/DGW2sm8E8AjW7NU5VVTRt5GxbeZ5qBuJr+HyLYkjQ=="
    "resolved" "https://registry.npmjs.org/picocolors/-/picocolors-1.0.0.tgz"
    "version" "1.0.0"
  
  "picomatch@^2.0.4", "picomatch@^2.2.1", "picomatch@^2.3.1":
    "integrity" "sha512-JU3teHTNjmE2VCGFzuY8EXzCDVwEqB2a8fsIvwaStHhAWJEeVd1o1QD80CU6+ZdEXXSLbSsuLwJjkCBWqRQUVA=="
    "resolved" "https://registry.npmjs.org/picomatch/-/picomatch-2.3.1.tgz"
    "version" "2.3.1"
  
  "pify@^2.3.0":
    "integrity" "sha512-udgsAY+fTnvv7kI7aaxbqwWNb0AHiB0qBO89PZKPkoTmGOgdbrHDKD+0B2X4uTfJ/FT1R09r9gTsjUjNJotuog=="
    "resolved" "https://registry.npmjs.org/pify/-/pify-2.3.0.tgz"
    "version" "2.3.0"
  
  "pn@^1.1.0":
    "integrity" "sha512-2qHaIQr2VLRFoxe2nASzsV6ef4yOOH+Fi9FBOVH6cqeSgUnoyySPZkxzLuzd+RYOQTRpROA0ztTMqxROKSb/nA=="
    "resolved" "https://registry.npmjs.org/pn/-/pn-1.1.0.tgz"
    "version" "1.1.0"
  
  "postcss-cli@^10.1.0":
    "integrity" "sha512-Zu7PLORkE9YwNdvOeOVKPmWghprOtjFQU3srMUGbdz3pHJiFh7yZ4geiZFMkjMfB0mtTFR3h8RemR62rPkbOPA=="
    "resolved" "https://registry.npmjs.org/postcss-cli/-/postcss-cli-10.1.0.tgz"
    "version" "10.1.0"
    dependencies:
      "chokidar" "^3.3.0"
      "dependency-graph" "^0.11.0"
      "fs-extra" "^11.0.0"
      "get-stdin" "^9.0.0"
      "globby" "^13.0.0"
      "picocolors" "^1.0.0"
      "postcss-load-config" "^4.0.0"
      "postcss-reporter" "^7.0.0"
      "pretty-hrtime" "^1.0.3"
      "read-cache" "^1.0.0"
      "slash" "^5.0.0"
      "yargs" "^17.0.0"
  
  "postcss-load-config@^4.0.0":
    "integrity" "sha512-vEJIc8RdiBRu3oRAI0ymerOn+7rPuMvRXslTvZUKZonDHFIczxztIyJ1urxM1x9JXEikvpWWTUUqal5j/8QgvA=="
    "resolved" "https://registry.npmjs.org/postcss-load-config/-/postcss-load-config-4.0.1.tgz"
    "version" "4.0.1"
    dependencies:
      "lilconfig" "^2.0.5"
      "yaml" "^2.1.1"
  
  "postcss-reporter@^7.0.0":
    "integrity" "sha512-glWg7VZBilooZGOFPhN9msJ3FQs19Hie7l5a/eE6WglzYqVeH3ong3ShFcp9kDWJT1g2Y/wd59cocf9XxBtkWA=="
    "resolved" "https://registry.npmjs.org/postcss-reporter/-/postcss-reporter-7.0.5.tgz"
    "version" "7.0.5"
    dependencies:
      "picocolors" "^1.0.0"
      "thenby" "^1.3.4"
  
  "postcss-value-parser@^4.2.0":
    "integrity" "sha512-1NNCs6uurfkVbeXG4S8JFT9t19m45ICnif8zWLd5oPSZ50QnwMfK+H3jv408d4jw/7Bttv5axS5IiHoLaVNHeQ=="
    "resolved" "https://registry.npmjs.org/postcss-value-parser/-/postcss-value-parser-4.2.0.tgz"
    "version" "4.2.0"
  
  "postcss@^8.0.0", "postcss@^8.1.0", "postcss@^8.4.31", "postcss@>=8.0.9":
    "integrity" "sha512-PS08Iboia9mts/2ygV3eLpY5ghnUcfLV/EXTOW1E2qYxJKGGBUtNjN76FYHnMs36RmARn41bC0AZmn+rR0OVpQ=="
    "resolved" "https://registry.npmjs.org/postcss/-/postcss-8.4.31.tgz"
    "version" "8.4.31"
    dependencies:
      "nanoid" "^3.3.6"
      "picocolors" "^1.0.0"
      "source-map-js" "^1.0.2"
  
  "preact@^10.5.13":
    "integrity" "sha512-mKUD7RRkQQM6s7Rkmi7IFkoEHjuFqRQUaXamO61E6Nn7vqF/bo7EZCmSyrUnp2UWHw0O7XjZ2eeXis+m7tf4lg=="
    "resolved" "https://registry.npmjs.org/preact/-/preact-10.18.1.tgz"
    "version" "10.18.1"
  
  "prelude-ls@~1.1.2":
    "integrity" "sha512-ESF23V4SKG6lVSGZgYNpbsiaAkdab6ZgOxe52p7+Kid3W3u3bxR4Vfd/o21dmN7jSt0IwgZ4v5MUd26FEtXE9w=="
    "resolved" "https://registry.npmjs.org/prelude-ls/-/prelude-ls-1.1.2.tgz"
    "version" "1.1.2"
  
  "pretty-hrtime@^1.0.3":
    "integrity" "sha512-66hKPCr+72mlfiSjlEB1+45IjXSqvVAIy6mocupoww4tBFE9R9IhwwUGoI4G++Tc9Aq+2rxOt0RFU6gPcrte0A=="
    "resolved" "https://registry.npmjs.org/pretty-hrtime/-/pretty-hrtime-1.0.3.tgz"
    "version" "1.0.3"
  
  "psl@^1.1.28":
    "integrity" "sha512-E/ZsdU4HLs/68gYzgGTkMicWTLPdAftJLfJFlLUAAKZGkStNU72sZjT66SnMDVOfOWY/YAoiD7Jxa9iHvngcag=="
    "resolved" "https://registry.npmjs.org/psl/-/psl-1.9.0.tgz"
    "version" "1.9.0"
  
  "pstree.remy@^1.1.8":
    "integrity" "sha512-77DZwxQmxKnu3aR542U+X8FypNzbfJ+C5XQDk3uWjWxn6151aIMGthWYRXTqT1E5oJvg+ljaa2OJi+VfvCOQ8w=="
    "resolved" "https://registry.npmjs.org/pstree.remy/-/pstree.remy-1.1.8.tgz"
    "version" "1.1.8"
  
  "punycode@^2.1.0", "punycode@^2.1.1":
    "integrity" "sha512-rRV+zQD8tVFys26lAGR9WUuS4iUAngJScM+ZRSKtvl5tKeZ2t5bvdNFdNHBW9FWR4guGHlgmsZ1G7BSm2wTbuA=="
    "resolved" "https://registry.npmjs.org/punycode/-/punycode-2.3.0.tgz"
    "version" "2.3.0"
  
  "qs@~6.5.2":
    "integrity" "sha512-qxXIEh4pCGfHICj1mAJQ2/2XVZkjCDTcEgfoSQxc/fYivUZxTkk7L3bDBJSoNrEzXI17oUO5Dp07ktqE5KzczA=="
    "resolved" "https://registry.npmjs.org/qs/-/qs-6.5.3.tgz"
    "version" "6.5.3"
  
  "queue-microtask@^1.2.2":
    "integrity" "sha512-NuaNSa6flKT5JaSYQzJok04JzTL1CA6aGhv5rfLW3PgqA+M2ChpZQnAC8h8i4ZFkBS8X5RqkDBHA7r4hej3K9A=="
    "resolved" "https://registry.npmjs.org/queue-microtask/-/queue-microtask-1.2.3.tgz"
    "version" "1.2.3"
  
  "read-cache@^1.0.0":
    "integrity" "sha512-Owdv/Ft7IjOgm/i0xvNDZ1LrRANRfew4b2prF3OWMQLxLfu3bS8FVhCsrSCMK4lR56Y9ya+AThoTpDCTxCmpRA=="
    "resolved" "https://registry.npmjs.org/read-cache/-/read-cache-1.0.0.tgz"
    "version" "1.0.0"
    dependencies:
      "pify" "^2.3.0"
  
  "readable-stream@^3.6.0":
    "integrity" "sha512-9u/sniCrY3D5WdsERHzHE4G2YCXqoG5FTHUiCC4SIbr6XcLZBY05ya9EKjYek9O5xOAwjGq+1JdGBAS7Q9ScoA=="
    "resolved" "https://registry.npmjs.org/readable-stream/-/readable-stream-3.6.2.tgz"
    "version" "3.6.2"
    dependencies:
      "inherits" "^2.0.3"
      "string_decoder" "^1.1.1"
      "util-deprecate" "^1.0.1"
  
  "readdirp@~3.6.0":
    "integrity" "sha512-hOS089on8RduqdbhvQ5Z37A0ESjsqz6qnRcffsMU3495FuTdqSm+7bhJ29JvIOsBDEEnan5DPu9t3To9VRlMzA=="
    "resolved" "https://registry.npmjs.org/readdirp/-/readdirp-3.6.0.tgz"
    "version" "3.6.0"
    dependencies:
      "picomatch" "^2.2.1"
  
  "request-promise-core@1.1.4":
    "integrity" "sha512-TTbAfBBRdWD7aNNOoVOBH4pN/KigV6LyapYNNlAPA8JwbovRti1E88m3sYAwsLi5ryhPKsE9APwnjFTgdUjTpw=="
    "resolved" "https://registry.npmjs.org/request-promise-core/-/request-promise-core-1.1.4.tgz"
    "version" "1.1.4"
    dependencies:
      "lodash" "^4.17.19"
  
  "request-promise-native@^1.0.7":
    "integrity" "sha512-wcW+sIUiWnKgNY0dqCpOZkUbF/I+YPi+f09JZIDa39Ec+q82CpSYniDp+ISgTTbKmnpJWASeJBPZmoxH84wt3g=="
    "resolved" "https://registry.npmjs.org/request-promise-native/-/request-promise-native-1.0.9.tgz"
    "version" "1.0.9"
    dependencies:
      "request-promise-core" "1.1.4"
      "stealthy-require" "^1.1.1"
      "tough-cookie" "^2.3.3"
  
  "request@^2.34", "request@^2.88.0":
    "integrity" "sha512-MsvtOrfG9ZcrOwAW+Qi+F6HbD0CWXEh9ou77uOb7FM2WPhwT7smM833PzanhJLsgXjN89Ir6V2PczXNnMpwKhw=="
    "resolved" "https://registry.npmjs.org/request/-/request-2.88.2.tgz"
    "version" "2.88.2"
    dependencies:
      "aws-sign2" "~0.7.0"
      "aws4" "^1.8.0"
      "caseless" "~0.12.0"
      "combined-stream" "~1.0.6"
      "extend" "~3.0.2"
      "forever-agent" "~0.6.1"
      "form-data" "~2.3.2"
      "har-validator" "~5.1.3"
      "http-signature" "~1.2.0"
      "is-typedarray" "~1.0.0"
      "isstream" "~0.1.2"
      "json-stringify-safe" "~5.0.1"
      "mime-types" "~2.1.19"
      "oauth-sign" "~0.9.0"
      "performance-now" "^2.1.0"
      "qs" "~6.5.2"
      "safe-buffer" "^5.1.2"
      "tough-cookie" "~2.5.0"
      "tunnel-agent" "^0.6.0"
      "uuid" "^3.3.2"
  
  "require-directory@^2.1.1":
    "integrity" "sha512-fGxEI7+wsG9xrvdjsrlmL22OMTTiHRwAMroiEeMgq8gzoLC/PQr7RsRDSTLUg/bZAZtF+TVIkHc6/4RIKrui+Q=="
    "resolved" "https://registry.npmjs.org/require-directory/-/require-directory-2.1.1.tgz"
    "version" "2.1.1"
  
  "reusify@^1.0.4":
    "integrity" "sha512-U9nH88a3fc/ekCF1l0/UP1IosiuIjyTh7hBvXVMHYgVcfGvt897Xguj2UOLDeI5BG2m7/uwyaLVT6fbtCwTyzw=="
    "resolved" "https://registry.npmjs.org/reusify/-/reusify-1.0.4.tgz"
    "version" "1.0.4"
  
  "rimraf@^3.0.2":
    "integrity" "sha512-JZkJMZkAGFFPP2YqXZXPbMlMBgsxzE8ILs4lMIX/2o0L9UBw9O/Y3o6wFw/i9YLapcUJWwqbi3kdxIPdC62TIA=="
    "resolved" "https://registry.npmjs.org/rimraf/-/rimraf-3.0.2.tgz"
    "version" "3.0.2"
    dependencies:
      "glob" "^7.1.3"
  
  "run-parallel@^1.1.9":
    "integrity" "sha512-5l4VyZR86LZ/lDxZTR6jqL8AFE2S0IFLMP26AbjsLVADxHdhB/c0GUsH+y39UfCi3dzz8OlQuPmnaJOMoDHQBA=="
    "resolved" "https://registry.npmjs.org/run-parallel/-/run-parallel-1.2.0.tgz"
    "version" "1.2.0"
    dependencies:
      "queue-microtask" "^1.2.2"
  
  "safe-buffer@^5.0.1", "safe-buffer@^5.1.2", "safe-buffer@~5.2.0":
    "integrity" "sha512-rp3So07KcdmmKbGvgaNxQSJr7bGVSVk5S9Eq1F+ppbRo70+YeaDxkw5Dd8NPN+GD6bjnYm2VuPuCXmpuYvmCXQ=="
    "resolved" "https://registry.npmjs.org/safe-buffer/-/safe-buffer-5.2.1.tgz"
    "version" "5.2.1"
  
  "safer-buffer@^2.0.2", "safer-buffer@^2.1.0", "safer-buffer@>= 2.1.2 < 3", "safer-buffer@~2.1.0":
    "integrity" "sha512-YZo3K82SD7Riyi0E1EQPojLz7kpepnSQI9IyPbHHg1XXXevb5dJI7tpyN2ADxGcQbHG7vcyRHk0cbwqcQriUtg=="
    "resolved" "https://registry.npmjs.org/safer-buffer/-/safer-buffer-2.1.2.tgz"
    "version" "2.1.2"
  
  "sass@^1.69.0":
    "integrity" "sha512-l3bbFpfTOGgQZCLU/gvm1lbsQ5mC/WnLz3djL2v4WCJBDrWm58PO+jgngcGRNnKUh6wSsdm50YaovTqskZ0xDQ=="
    "resolved" "https://registry.npmjs.org/sass/-/sass-1.69.0.tgz"
    "version" "1.69.0"
    dependencies:
      "chokidar" ">=3.0.0 <4.0.0"
      "immutable" "^4.0.0"
      "source-map-js" ">=0.6.2 <2.0.0"
  
  "saxes@^3.1.9":
    "integrity" "sha512-Ydydq3zC+WYDJK1+gRxRapLIED9PWeSuuS41wqyoRmzvhhh9nc+QQrVMKJYzJFULazeGhzSV0QleN2wD3boh2g=="
    "resolved" "https://registry.npmjs.org/saxes/-/saxes-3.1.11.tgz"
    "version" "3.1.11"
    dependencies:
      "xmlchars" "^2.1.1"
  
  "semver@^6.0.0":
    "integrity" "sha512-BR7VvDCVHO+q2xBEWskxS6DJE1qRnb7DxzUrogb71CWoSficBxYsiAGd+Kl0mmq/MprG9yArRkyrQxTO6XjMzA=="
    "resolved" "https://registry.npmjs.org/semver/-/semver-6.3.1.tgz"
    "version" "6.3.1"
  
  "semver@^7.3.5", "semver@^7.5.3":
    "integrity" "sha512-1bCSESV6Pv+i21Hvpxp3Dx+pSD8lIPt8uVjRrxAUt/nbswYc+tK6Y2btiULjd4+fnq15PX+nqQDC7Oft7WkwcA=="
    "resolved" "https://registry.npmjs.org/semver/-/semver-7.5.4.tgz"
    "version" "7.5.4"
    dependencies:
      "lru-cache" "^6.0.0"
  
  "set-blocking@^2.0.0":
    "integrity" "sha512-KiKBS8AnWGEyLzofFfmvKwpdPzqiy16LvQfK3yv/fVH7Bj13/wl3JSR1J+rfgRE9q7xUJK4qvgS8raSOeLUehw=="
    "resolved" "https://registry.npmjs.org/set-blocking/-/set-blocking-2.0.0.tgz"
    "version" "2.0.0"
  
  "signal-exit@^3.0.0":
    "integrity" "sha512-wnD2ZE+l+SPC/uoS0vXeE9L1+0wuaMqKlfz9AMUo38JsyLSBWSFcHR1Rri62LZc12vLr1gb3jl7iwQhgwpAbGQ=="
    "resolved" "https://registry.npmjs.org/signal-exit/-/signal-exit-3.0.7.tgz"
    "version" "3.0.7"
  
  "simple-concat@^1.0.0":
    "integrity" "sha512-cSFtAPtRhljv69IK0hTVZQ+OfE9nePi/rtJmw5UjHeVyVroEqJXP1sFztKUy1qU+xvz3u/sfYJLa947b7nAN2Q=="
    "resolved" "https://registry.npmjs.org/simple-concat/-/simple-concat-1.0.1.tgz"
    "version" "1.0.1"
  
  "simple-get@^3.0.3":
    "integrity" "sha512-CQ5LTKGfCpvE1K0n2us+kuMPbk/q0EKl82s4aheV9oXjFEz6W/Y7oQFVJuU6QG77hRT4Ghb5RURteF5vnWjupA=="
    "resolved" "https://registry.npmjs.org/simple-get/-/simple-get-3.1.1.tgz"
    "version" "3.1.1"
    dependencies:
      "decompress-response" "^4.2.0"
      "once" "^1.3.1"
      "simple-concat" "^1.0.0"
  
  "simple-update-notifier@^2.0.0":
    "integrity" "sha512-a2B9Y0KlNXl9u/vsW6sTIu9vGEpfKu2wRV6l1H3XEas/0gUIzGzBoP/IouTcUQbm9JWZLH3COxyn03TYlFax6w=="
    "resolved" "https://registry.npmjs.org/simple-update-notifier/-/simple-update-notifier-2.0.0.tgz"
    "version" "2.0.0"
    dependencies:
      "semver" "^7.5.3"
  
  "slash@^4.0.0":
    "integrity" "sha512-3dOsAHXXUkQTpOYcoAxLIorMTp4gIQr5IW3iVb7A7lFIp0VHhnynm9izx6TssdrIcVIESAlVjtnO2K8bg+Coew=="
    "resolved" "https://registry.npmjs.org/slash/-/slash-4.0.0.tgz"
    "version" "4.0.0"
  
  "slash@^5.0.0":
    "integrity" "sha512-ZA6oR3T/pEyuqwMgAKT0/hAv8oAXckzbkmR0UkUosQ+Mc4RxGoJkRmwHgHufaenlyAgE1Mxgpdcrf75y6XcnDg=="
    "resolved" "https://registry.npmjs.org/slash/-/slash-5.1.0.tgz"
    "version" "5.1.0"
  
  "source-map-js@^1.0.2", "source-map-js@>=0.6.2 <2.0.0":
    "integrity" "sha512-R0XvVJ9WusLiqTCEiGCmICCMplcCkIwwR11mOSD9CR5u+IXYdiseeEuXCVAjS54zqwkLcPNnmU4OeJ6tUrWhDw=="
    "resolved" "https://registry.npmjs.org/source-map-js/-/source-map-js-1.0.2.tgz"
    "version" "1.0.2"
  
  "source-map@~0.6.1":
    "integrity" "sha512-UjgapumWlbMhkBgzT7Ykc5YXUT46F0iKu8SGXq0bcwP5dz/h0Plj6enJqjz1Zbq2l5WaqYnrVbwWOWMyF3F47g=="
    "resolved" "https://registry.npmjs.org/source-map/-/source-map-0.6.1.tgz"
    "version" "0.6.1"
  
  "sshpk@^1.7.0":
    "integrity" "sha512-/9HIEs1ZXGhSPE8X6Ccm7Nam1z8KcoCqPdI7ecm1N33EzAetWahvQWVqLZtaZQ+IDKX4IyA2o0gBzqIMkAagHQ=="
    "resolved" "https://registry.npmjs.org/sshpk/-/sshpk-1.17.0.tgz"
    "version" "1.17.0"
    dependencies:
      "asn1" "~0.2.3"
      "assert-plus" "^1.0.0"
      "bcrypt-pbkdf" "^1.0.0"
      "dashdash" "^1.12.0"
      "ecc-jsbn" "~0.1.1"
      "getpass" "^0.1.1"
      "jsbn" "~0.1.0"
      "safer-buffer" "^2.0.2"
      "tweetnacl" "~0.14.0"
  
  "stealthy-require@^1.1.1":
    "integrity" "sha512-ZnWpYnYugiOVEY5GkcuJK1io5V8QmNYChG62gSit9pQVGErXtrKuPC55ITaVSukmMta5qpMU7vqLt2Lnni4f/g=="
    "resolved" "https://registry.npmjs.org/stealthy-require/-/stealthy-require-1.1.1.tgz"
    "version" "1.1.1"
  
  "string_decoder@^1.1.1":
    "integrity" "sha512-hkRX8U1WjJFd8LsDJ2yQ/wWWxaopEsABU1XfkM8A+j0+85JAGppt16cr1Whg6KIbb4okU6Mql6BOj+uup/wKeA=="
    "resolved" "https://registry.npmjs.org/string_decoder/-/string_decoder-1.3.0.tgz"
    "version" "1.3.0"
    dependencies:
      "safe-buffer" "~5.2.0"
  
  "string-width@^1.0.2 || 2 || 3 || 4", "string-width@^4.1.0", "string-width@^4.2.0", "string-width@^4.2.3":
    "integrity" "sha512-wKyQRQpjJ0sIp62ErSZdGsjMJWsap5oRNihHhu6G7JVO/9jIB6UyevL+tXuOqrng8j/cxKTWyWUwvSTriiZz/g=="
    "resolved" "https://registry.npmjs.org/string-width/-/string-width-4.2.3.tgz"
    "version" "4.2.3"
    dependencies:
      "emoji-regex" "^8.0.0"
      "is-fullwidth-code-point" "^3.0.0"
      "strip-ansi" "^6.0.1"
  
  "strip-ansi@^6.0.0", "strip-ansi@^6.0.1":
    "integrity" "sha512-Y38VPSHcqkFrCpFnQ9vuSXmquuv5oXOKpGeT6aGrr3o3Gc9AlVa6JBfUSOCnbxGGZF+/0ooI7KrPuUSztUdU5A=="
    "resolved" "https://registry.npmjs.org/strip-ansi/-/strip-ansi-6.0.1.tgz"
    "version" "6.0.1"
    dependencies:
      "ansi-regex" "^5.0.1"
  
  "supports-color@^5.5.0":
    "integrity" "sha512-QjVjwdXIt408MIiAqCX4oUKsgU2EqAGzs2Ppkm4aQYbjm+ZEWEcW4SfFNTr4uMNZma0ey4f5lgLrkB0aX0QMow=="
    "resolved" "https://registry.npmjs.org/supports-color/-/supports-color-5.5.0.tgz"
    "version" "5.5.0"
    dependencies:
      "has-flag" "^3.0.0"
  
  "symbol-tree@^3.2.2":
    "integrity" "sha512-9QNk5KwDF+Bvz+PyObkmSYjI5ksVUYtjW7AU22r2NKcfLJcXp96hkDWU3+XndOsUb+AQ9QhfzfCT2O+CNWT5Tw=="
    "resolved" "https://registry.npmjs.org/symbol-tree/-/symbol-tree-3.2.4.tgz"
    "version" "3.2.4"
  
  "tar@^6.1.11":
    "integrity" "sha512-/Wo7DcT0u5HUV486xg675HtjNd3BXZ6xDbzsCUZPt5iw8bTQ63bP0Raut3mvro9u+CUyq7YQd8Cx55fsZXxqLQ=="
    "resolved" "https://registry.npmjs.org/tar/-/tar-6.2.0.tgz"
    "version" "6.2.0"
    dependencies:
      "chownr" "^2.0.0"
      "fs-minipass" "^2.0.0"
      "minipass" "^5.0.0"
      "minizlib" "^2.1.1"
      "mkdirp" "^1.0.3"
      "yallist" "^4.0.0"
  
  "thenby@^1.3.4":
    "integrity" "sha512-89Gi5raiWA3QZ4b2ePcEwswC3me9JIg+ToSgtE0JWeCynLnLxNr/f9G+xfo9K+Oj4AFdom8YNJjibIARTJmapQ=="
    "resolved" "https://registry.npmjs.org/thenby/-/thenby-1.3.4.tgz"
    "version" "1.3.4"
  
  "to-regex-range@^5.0.1":
    "integrity" "sha512-65P7iz6X5yEr1cwcgvQxbbIw7Uk3gOy5dIdtZ4rDveLqhrdJP+Li/Hx6tyK0NEb+2GCyneCMJiGqrADCSNk8sQ=="
    "resolved" "https://registry.npmjs.org/to-regex-range/-/to-regex-range-5.0.1.tgz"
    "version" "5.0.1"
    dependencies:
      "is-number" "^7.0.0"
  
  "touch@^3.1.0":
    "integrity" "sha512-WBx8Uy5TLtOSRtIq+M03/sKDrXCLHxwDcquSP2c43Le03/9serjQBIztjRz6FkJez9D/hleyAXTBGLwwZUw9lA=="
    "resolved" "https://registry.npmjs.org/touch/-/touch-3.1.0.tgz"
    "version" "3.1.0"
    dependencies:
      "nopt" "~1.0.10"
  
  "tough-cookie@^2.3.3":
    "integrity" "sha512-nlLsUzgm1kfLXSXfRZMc1KLAugd4hqJHDTvc2hDIwS3mZAfMEuMbc03SujMF+GEcpaX/qboeycw6iO8JwVv2+g=="
    "resolved" "https://registry.npmjs.org/tough-cookie/-/tough-cookie-2.5.0.tgz"
    "version" "2.5.0"
    dependencies:
      "psl" "^1.1.28"
      "punycode" "^2.1.1"
  
  "tough-cookie@^3.0.1":
    "integrity" "sha512-yQyJ0u4pZsv9D4clxO69OEjLWYw+jbgspjTue4lTQZLfV0c5l1VmK2y1JK8E9ahdpltPOaAThPcp5nKPUgSnsg=="
    "resolved" "https://registry.npmjs.org/tough-cookie/-/tough-cookie-3.0.1.tgz"
    "version" "3.0.1"
    dependencies:
      "ip-regex" "^2.1.0"
      "psl" "^1.1.28"
      "punycode" "^2.1.1"
  
  "tough-cookie@~2.5.0":
    "integrity" "sha512-nlLsUzgm1kfLXSXfRZMc1KLAugd4hqJHDTvc2hDIwS3mZAfMEuMbc03SujMF+GEcpaX/qboeycw6iO8JwVv2+g=="
    "resolved" "https://registry.npmjs.org/tough-cookie/-/tough-cookie-2.5.0.tgz"
    "version" "2.5.0"
    dependencies:
      "psl" "^1.1.28"
      "punycode" "^2.1.1"
  
  "tr46@^1.0.1":
    "integrity" "sha512-dTpowEjclQ7Kgx5SdBkqRzVhERQXov8/l9Ft9dVM9fmg0W0KQSVaXX9T4i6twCPNtYiZM53lpSSUAwJbFPOHxA=="
    "resolved" "https://registry.npmjs.org/tr46/-/tr46-1.0.1.tgz"
    "version" "1.0.1"
    dependencies:
      "punycode" "^2.1.0"
  
  "tr46@~0.0.3":
    "integrity" "sha512-N3WMsuqV66lT30CrXNbEjx4GEwlow3v6rr4mCcv6prnfwhS01rkgyFdjPNBYd9br7LpXV1+Emh01fHnq2Gdgrw=="
    "resolved" "https://registry.npmjs.org/tr46/-/tr46-0.0.3.tgz"
    "version" "0.0.3"
  
  "tui-code-snippet@^2.3.3":
    "integrity" "sha512-5NEHTDFKillDNPy6MCgpXDNBTB7SZkHBFOF6vXfCDIFZcBdFYFXTd2xvAVvIeM3UYFRWu27xUf/Kxl5f9+RooQ=="
    "resolved" "https://registry.npmjs.org/tui-code-snippet/-/tui-code-snippet-2.3.3.tgz"
    "version" "2.3.3"
  
  "tui-color-picker@^2.2.6":
    "integrity" "sha512-q5sE9NQ5NR9lYpilYjcI7Sdv0KCogo+W8fZY+AYTj/HYg+9fscYy3UuJ6UQiV1bF+ARCLwFRWC8UcOt9kuUctQ=="
    "resolved" "https://registry.npmjs.org/tui-color-picker/-/tui-color-picker-2.2.8.tgz"
    "version" "2.2.8"
  
  "tui-image-editor@^3.15.3":
    "integrity" "sha512-7B5YUxe2eSSh+8YrlREmjqkgeFFKrVkdy0D/G0dWCJIQ2WLPQ/Bkm02WXQeWJiFPzgvargZjn7eAe80p3qBHPQ=="
    "resolved" "https://registry.npmjs.org/tui-image-editor/-/tui-image-editor-3.15.3.tgz"
    "version" "3.15.3"
    dependencies:
      "fabric" "^4.2.0"
      "tui-code-snippet" "^2.3.3"
      "tui-color-picker" "^2.2.6"
  
  "tunnel-agent@^0.6.0":
    "integrity" "sha512-McnNiV1l8RYeY8tBgEpuodCC1mLUdbSN+CYBL7kJsJNInOP8UjDDEwdk6Mw60vdLLrr5NHKZhMAOSrR2NZuQ+w=="
    "resolved" "https://registry.npmjs.org/tunnel-agent/-/tunnel-agent-0.6.0.tgz"
    "version" "0.6.0"
    dependencies:
      "safe-buffer" "^5.0.1"
  
  "tweetnacl@^0.14.3", "tweetnacl@~0.14.0":
    "integrity" "sha512-KXXFFdAbFXY4geFIwoyNK+f5Z1b7swfXABfL7HXCmoIWMKU3dmS26672A4EeQtDzLKy7SXmfBu51JolvEKwtGA=="
    "resolved" "https://registry.npmjs.org/tweetnacl/-/tweetnacl-0.14.5.tgz"
    "version" "0.14.5"
  
  "type-check@~0.3.2":
    "integrity" "sha512-ZCmOJdvOWDBYJlzAoFkC+Q0+bUyEOS1ltgp1MGU03fqHG+dbi9tBFU2Rd9QKiDZFAYrhPh2JUf7rZRIuHRKtOg=="
    "resolved" "https://registry.npmjs.org/type-check/-/type-check-0.3.2.tgz"
    "version" "0.3.2"
    dependencies:
      "prelude-ls" "~1.1.2"
  
  "undefsafe@^2.0.5":
    "integrity" "sha512-WxONCrssBM8TSPRqN5EmsjVrsv4A8X12J4ArBiiayv3DyyG3ZlIg6yysuuSYdZsVz3TKcTg2fd//Ujd4CHV1iA=="
    "resolved" "https://registry.npmjs.org/undefsafe/-/undefsafe-2.0.5.tgz"
    "version" "2.0.5"
  
  "universalify@^2.0.0":
    "integrity" "sha512-hAZsKq7Yy11Zu1DE0OzWjw7nnLZmJZYTDZZyEFHZdUhV8FkH5MCfoU1XMaxXovpyW5nq5scPqq0ZDP9Zyl04oQ=="
    "resolved" "https://registry.npmjs.org/universalify/-/universalify-2.0.0.tgz"
    "version" "2.0.0"
  
  "update-browserslist-db@^1.0.13":
    "integrity" "sha512-xebP81SNcPuNpPP3uzeW1NYXxI3rxyJzF3pD6sH4jE7o/IX+WtSpwnVU+qIsDPyk0d3hmFQ7mjqc6AtV604hbg=="
    "resolved" "https://registry.npmjs.org/update-browserslist-db/-/update-browserslist-db-1.0.13.tgz"
    "version" "1.0.13"
    dependencies:
      "escalade" "^3.1.1"
      "picocolors" "^1.0.0"
  
  "uri-js@^4.2.2":
    "integrity" "sha512-7rKUyy33Q1yc98pQ1DAmLtwX109F7TIfWlW1Ydo8Wl1ii1SeHieeh0HHfPeL2fMXK6z0s8ecKs9frCuLJvndBg=="
    "resolved" "https://registry.npmjs.org/uri-js/-/uri-js-4.4.1.tgz"
    "version" "4.4.1"
    dependencies:
      "punycode" "^2.1.0"
  
  "util-deprecate@^1.0.1":
    "integrity" "sha512-EPD5q1uXyFxJpCrLnCc1nHnq3gOa6DZBocAIiI2TaSCA7VCJ1UJDMagCzIkXNsUYfD1daK//LTEQ8xiIbrHtcw=="
    "resolved" "https://registry.npmjs.org/util-deprecate/-/util-deprecate-1.0.2.tgz"
    "version" "1.0.2"
  
  "uuid@^3.3.2":
    "integrity" "sha512-HjSDRw6gZE5JMggctHBcjVak08+KEVhSIiDzFnT9S9aegmp85S/bReBVTb4QTFaRNptJ9kuYaNhnbNEOkbKb/A=="
    "resolved" "https://registry.npmjs.org/uuid/-/uuid-3.4.0.tgz"
    "version" "3.4.0"
  
  "verror@1.10.0":
    "integrity" "sha512-ZZKSmDAEFOijERBLkmYfJ+vmk3w+7hOLYDNkRCuRuMJGEmqYNCNLyBBFwWKVMhfwaEF3WOd0Zlw86U/WC/+nYw=="
    "resolved" "https://registry.npmjs.org/verror/-/verror-1.10.0.tgz"
    "version" "1.10.0"
    dependencies:
      "assert-plus" "^1.0.0"
      "core-util-is" "1.0.2"
      "extsprintf" "^1.2.0"
  
  "w3c-hr-time@^1.0.1":
    "integrity" "sha512-z8P5DvDNjKDoFIHK7q8r8lackT6l+jo/Ye3HOle7l9nICP9lf1Ci25fy9vHd0JOWewkIFzXIEig3TdKT7JQ5fQ=="
    "resolved" "https://registry.npmjs.org/w3c-hr-time/-/w3c-hr-time-1.0.2.tgz"
    "version" "1.0.2"
    dependencies:
      "browser-process-hrtime" "^1.0.0"
  
  "w3c-xmlserializer@^1.1.2":
    "integrity" "sha512-p10l/ayESzrBMYWRID6xbuCKh2Fp77+sA0doRuGn4tTIMrrZVeqfpKjXHY+oDh3K4nLdPgNwMTVP6Vp4pvqbNg=="
    "resolved" "https://registry.npmjs.org/w3c-xmlserializer/-/w3c-xmlserializer-1.1.2.tgz"
    "version" "1.1.2"
    dependencies:
      "domexception" "^1.0.1"
      "webidl-conversions" "^4.0.2"
      "xml-name-validator" "^3.0.0"
  
  "webidl-conversions@^3.0.0":
    "integrity" "sha512-2JAn3z8AR6rjK8Sm8orRC0h/bcl/DqL7tRPdGZ4I1CjdF+EaMLmYxBHyXuKL849eucPFhvBoxMsflfOb8kxaeQ=="
    "resolved" "https://registry.npmjs.org/webidl-conversions/-/webidl-conversions-3.0.1.tgz"
    "version" "3.0.1"
  
  "webidl-conversions@^4.0.2":
    "integrity" "sha512-YQ+BmxuTgd6UXZW3+ICGfyqRyHXVlD5GtQr5+qjiNW7bF0cqrzX500HVXPBOvgXb5YnzDd+h0zqyv61KUD7+Sg=="
    "resolved" "https://registry.npmjs.org/webidl-conversions/-/webidl-conversions-4.0.2.tgz"
    "version" "4.0.2"
  
  "whatwg-encoding@^1.0.1", "whatwg-encoding@^1.0.5":
    "integrity" "sha512-b5lim54JOPN9HtzvK9HFXvBma/rnfFeqsic0hSpjtDbVxR3dJKLc+KB4V6GgiGOvl7CY/KNh8rxSo9DKQrnUEw=="
    "resolved" "https://registry.npmjs.org/whatwg-encoding/-/whatwg-encoding-1.0.5.tgz"
    "version" "1.0.5"
    dependencies:
      "iconv-lite" "0.4.24"
  
  "whatwg-mimetype@^2.2.0", "whatwg-mimetype@^2.3.0":
    "integrity" "sha512-M4yMwr6mAnQz76TbJm914+gPpB/nCwvZbJU28cUD6dR004SAxDLOOSUaB1JDRqLtaOV/vi0IC5lEAGFgrjGv/g=="
    "resolved" "https://registry.npmjs.org/whatwg-mimetype/-/whatwg-mimetype-2.3.0.tgz"
    "version" "2.3.0"
  
  "whatwg-url@^5.0.0":
    "integrity" "sha512-saE57nupxk6v3HY35+jzBwYa0rKSy0XR8JSxZPwgLr7ys0IBzhGviA1/TUGJLmSVqs8pb9AnvICXEuOHLprYTw=="
    "resolved" "https://registry.npmjs.org/whatwg-url/-/whatwg-url-5.0.0.tgz"
    "version" "5.0.0"
    dependencies:
      "tr46" "~0.0.3"
      "webidl-conversions" "^3.0.0"
  
  "whatwg-url@^7.0.0":
    "integrity" "sha512-WUu7Rg1DroM7oQvGWfOiAK21n74Gg+T4elXEQYkOhtyLeWiJFoOGLXPKI/9gzIie9CtwVLm8wtw6YJdKyxSjeg=="
    "resolved" "https://registry.npmjs.org/whatwg-url/-/whatwg-url-7.1.0.tgz"
    "version" "7.1.0"
    dependencies:
      "lodash.sortby" "^4.7.0"
      "tr46" "^1.0.1"
      "webidl-conversions" "^4.0.2"
  
  "wide-align@^1.1.2":
    "integrity" "sha512-eDMORYaPNZ4sQIuuYPDHdQvf4gyCF9rEEV/yPxGfwPkRodwEgiMUUXTx/dex+Me0wxx53S+NgUHaP7y3MGlDmg=="
    "resolved" "https://registry.npmjs.org/wide-align/-/wide-align-1.1.5.tgz"
    "version" "1.1.5"
    dependencies:
      "string-width" "^1.0.2 || 2 || 3 || 4"
  
  "wildcard@^1.1.0":
    "integrity" "sha512-DXukZJxpHA8LuotRwL0pP1+rS6CS7FF2qStDDE1C7DDg2rLud2PXRMuEDYIPhgEezwnlHNL4c+N6MfMTjCGTng=="
    "resolved" "https://registry.npmjs.org/wildcard/-/wildcard-1.1.2.tgz"
    "version" "1.1.2"
  
  "word-wrap@~1.2.3":
    "integrity" "sha512-BN22B5eaMMI9UMtjrGd5g5eCYPpCPDUy0FJXbYsaT5zYxjFOckS53SQDE3pWkVoWpHXVb3BrYcEN4Twa55B5cA=="
    "resolved" "https://registry.npmjs.org/word-wrap/-/word-wrap-1.2.5.tgz"
    "version" "1.2.5"
  
  "wrap-ansi@^7.0.0":
    "integrity" "sha512-YVGIj2kamLSTxw6NsZjoBxfSwsn0ycdesmc4p+Q21c5zPuZ1pl+NfxVdxPtdHvmNVOQ6XSYG4AUtyt/Fi7D16Q=="
    "resolved" "https://registry.npmjs.org/wrap-ansi/-/wrap-ansi-7.0.0.tgz"
    "version" "7.0.0"
    dependencies:
      "ansi-styles" "^4.0.0"
      "string-width" "^4.1.0"
      "strip-ansi" "^6.0.0"
  
  "wrappy@1":
    "integrity" "sha512-l4Sp/DRseor9wL6EvV2+TuQn63dMkPjZ/sp9XkghTEbV9KlPS1xUsZ3u7/IQO4wxtcFB4bgpQPRcR3QCvezPcQ=="
    "resolved" "https://registry.npmjs.org/wrappy/-/wrappy-1.0.2.tgz"
    "version" "1.0.2"
  
  "ws@^7.0.0":
    "integrity" "sha512-F+P9Jil7UiSKSkppIiD94dN07AwvFixvLIj1Og1Rl9GGMuNipJnV9JzjD6XuqmAeiswGvUmNLjr5cFuXwNS77Q=="
    "resolved" "https://registry.npmjs.org/ws/-/ws-7.5.9.tgz"
    "version" "7.5.9"
  
  "xml-name-validator@^3.0.0":
    "integrity" "sha512-A5CUptxDsvxKJEU3yO6DuWBSJz/qizqzJKOMIfUJHETbBw/sFaDxgd6fxm1ewUaM0jZ444Fc5vC5ROYurg/4Pw=="
    "resolved" "https://registry.npmjs.org/xml-name-validator/-/xml-name-validator-3.0.0.tgz"
    "version" "3.0.0"
  
  "xmlchars@^2.1.1":
    "integrity" "sha512-JZnDKK8B0RCDw84FNdDAIpZK+JuJw+s7Lz8nksI7SIuU3UXJJslUthsi+uWBUYOwPFwW7W7PRLRfUKpxjtjFCw=="
    "resolved" "https://registry.npmjs.org/xmlchars/-/xmlchars-2.2.0.tgz"
    "version" "2.2.0"
  
  "y18n@^5.0.5":
    "integrity" "sha512-0pfFzegeDWJHJIAmTLRP2DwHjdF5s7jo9tuztdQxAhINCdvS+3nGINqPd00AphqJR/0LhANUS6/+7SCb98YOfA=="
    "resolved" "https://registry.npmjs.org/y18n/-/y18n-5.0.8.tgz"
    "version" "5.0.8"
  
  "yallist@^4.0.0":
    "integrity" "sha512-3wdGidZyq5PB084XLES5TpOSRA3wjXAlIWMhum2kRcv/41Sn2emQ0dycQW4uZXLejwKvg6EsvbdlVL+FYEct7A=="
    "resolved" "https://registry.npmjs.org/yallist/-/yallist-4.0.0.tgz"
    "version" "4.0.0"
  
  "yaml@^2.1.1":
    "integrity" "sha512-N/lyzTPaJasoDmfV7YTrYCI0G/3ivm/9wdG0aHuheKowWQwGTsK0Eoiw6utmzAnI6pkJa0DUVygvp3spqqEKXg=="
    "resolved" "https://registry.npmjs.org/yaml/-/yaml-2.3.2.tgz"
    "version" "2.3.2"
  
  "yargs-parser@^21.1.1":
    "integrity" "sha512-tVpsJW7DdjecAiFpbIB1e3qxIQsE6NoPc5/eTdrbbIC4h0LVsWhnoa3g+m2HclBIujHzsxZ4VJVA+GUuc2/LBw=="
    "resolved" "https://registry.npmjs.org/yargs-parser/-/yargs-parser-21.1.1.tgz"
    "version" "21.1.1"
  
  "yargs@^17.0.0":
    "integrity" "sha512-7dSzzRQ++CKnNI/krKnYRV7JKKPUXMEh61soaHKg9mrWEhzFWhFnxPxGl+69cD1Ou63C13NUPCnmIcrvqCuM6w=="
    "resolved" "https://registry.npmjs.org/yargs/-/yargs-17.7.2.tgz"
    "version" "17.7.2"
    dependencies:
      "cliui" "^8.0.1"
      "escalade" "^3.1.1"
      "get-caller-file" "^2.0.5"
      "require-directory" "^2.1.1"
      "string-width" "^4.2.3"
      "y18n" "^5.0.5"
      "yargs-parser" "^21.1.1"
